#
# A fatal error has been detected by the Java Runtime Environment:
#
#  EXCEPTION_ACCESS_VIOLATION (0xc0000005) at pc=0x00007fff03531049, pid=11104, tid=13580
#
# JRE version: OpenJDK Runtime Environment (11.0.2+9) (build 11.0.2+9)
# Java VM: OpenJDK 64-Bit Server VM (11.0.2+9, mixed mode, tiered, compressed oops, g1 gc, windows-amd64)
# Problematic frame:
# C  0x00007fff03531049
#
# No core dump will be written. Minidumps are not enabled by default on client versions of Windows
#
# If you would like to submit a bug report, please visit:
#   http://bugreport.java.com/bugreport/crash.jsp
# The crash happened outside the Java Virtual Machine in native code.
# See problematic frame for where to report the bug.
#

---------------  S U M M A R Y ------------

Command Line: -Dsun.java2d.pmoffscreen=false -Dhttps.protocols=TLSv1,TLSv1.1,TLSv1.2 -Dsun.java2d.xrender=false -Dsun.java2d.d3d=false -Dsun.awt.nopixfmt=true -Dsun.java2d.dpiaware=true -Dsun.java2d.uiScale.enabled=false -Xverify:none -Dswing.aatext=true -XX:-UsePerfData -Djdk.map.althashing.threshold=512 -XX:StringTableSize=4072 --add-opens=java.base/java.nio=ALL-UNNAMED --add-opens=java.desktop/sun.swing=ALL-UNNAMED --add-opens=java.desktop/javax.swing=ALL-UNNAMED --add-opens=java.desktop/javax.swing.tree=ALL-UNNAMED --add-opens=java.desktop/javax.swing.plaf.basic=ALL-UNNAMED --add-opens=java.desktop/javax.swing.plaf.synth=ALL-UNNAMED --add-opens=java.desktop/com.sun.awt=ALL-UNNAMED -XX:NewSize=60m -XX:MaxNewSize=60m -Xms128m -Xmx3072m -Xss5m 

Host: Intel(R) Core(TM) i5-6300U CPU @ 2.40GHz, 4 cores, 7G,  Windows 10 , 64 bit Build 19041 (10.0.19041.1202)
Time: Mon Oct  4 23:09:30 2021 Hora de verano central (México) elapsed time: 19058 seconds (0d 5h 17m 38s)

---------------  T H R E A D  ---------------

Current thread (0x0000027ba423e800):  JavaThread "AWT-EventQueue-0" [_thread_in_native, id=13580, stack(0x000000c7e3500000,0x000000c7e3a00000)]

Stack: [0x000000c7e3500000,0x000000c7e3a00000],  sp=0x000000c7e39f39d0,  free space=5070k
Native frames: (J=compiled Java code, j=interpreted, Vv=VM code, C=native code)
C  0x00007fff03531049
C  0x00007fff03542487
C  0x00007fff035437c2
C  0x00007fff0352a485
C  0x00007ffec6fb84b4
C  0x00007ffec6fd8e72
C  0x00007ffec70734f5
C  0x00007ffec7073419
C  0x00007ffec70a2719
C  0x00007ffec70a2448
C  0x00007ffec70fe2c1
C  0x00007ffec71003b3
C  0x00007ffec70d936d
C  0x00007ffec70d93d8
C  0x00007ffec70d9481
C  0x00007ffec70ff59c
C  0x00007ffec70d06e5
C  0x00007ffec70d0375
C  0x00007ffec710d00f
C  0x0000027b95dc1e2d

Java frames: (J=compiled Java code, j=interpreted, Vv=VM code)
J 29050  ui.views.waveform.waveformi.WVExecutive_getGraphicsDataSize(J)J (0 bytes) @ 0x0000027b95dc1d91 [0x0000027b95dc1d40+0x0000000000000051]
J 29049 c1 ui.views.waveform.executive.a.klK()Ljava/io/ByteArrayInputStream; (93 bytes) @ 0x0000027b8fdb8aac [0x0000027b8fdb89c0+0x00000000000000ec]
J 29099 c1 ui.views.waveform.b.a.klh()V (144 bytes) @ 0x0000027b8fe4b234 [0x0000027b8fe4b1a0+0x0000000000000094]
J 29041 c1 ui.views.waveform.w.aH(ZZ)V (48 bytes) @ 0x0000027b8fd5fae4 [0x0000027b8fd5f5e0+0x0000000000000504]
J 28937 c1 ui.views.waveform.c.b.j(Lui/frmwork/a/l;)V (605 bytes) @ 0x0000027b8fe385fc [0x0000027b8fe2fb80+0x0000000000008a7c]
J 28936 c1 ui.views.waveform.w.handleTclEvent(Lui/frmwork/a/l;)V (17 bytes) @ 0x0000027b8f4a1fbc [0x0000027b8f4a1ee0+0x00000000000000dc]
J 30343 c2 ui.frmwork.a.o.c(Lui/frmwork/a/l;)V (61 bytes) @ 0x0000027b95b055a4 [0x0000027b95b053c0+0x00000000000001e4]
J 29169 c2 ui.frmwork.E.i(JZ)V (471 bytes) @ 0x0000027b95dee2a4 [0x0000027b95deccc0+0x00000000000015e4]
J 30366 c2 ui.frmwork.E.fireTclEvent(J)I (113 bytes) @ 0x0000027b95cc5d7c [0x0000027b95cc5060+0x0000000000000d1c]
v  ~StubRoutines::call_stub
j  ui.views.waveform.waveformi.WVExecutive_processModelEvent(JJ)V+0
j  ui.views.waveform.executive.a.gb(J)V+5
j  ui.views.waveform.c.b.ga(J)V+8
J 28937 c1 ui.views.waveform.c.b.j(Lui/frmwork/a/l;)V (605 bytes) @ 0x0000027b8fe39394 [0x0000027b8fe2fb80+0x0000000000009814]
J 28936 c1 ui.views.waveform.w.handleTclEvent(Lui/frmwork/a/l;)V (17 bytes) @ 0x0000027b8f4a1fbc [0x0000027b8f4a1ee0+0x00000000000000dc]
J 30343 c2 ui.frmwork.a.o.c(Lui/frmwork/a/l;)V (61 bytes) @ 0x0000027b95b055a4 [0x0000027b95b053c0+0x00000000000001e4]
J 29169 c2 ui.frmwork.E.i(JZ)V (471 bytes) @ 0x0000027b95dee2a4 [0x0000027b95deccc0+0x00000000000015e4]
J 23929 c1 ui.frmwork.E$$Lambda$203.run()V (12 bytes) @ 0x0000027b8d5d74dc [0x0000027b8d5d7400+0x00000000000000dc]
J 14567 c2 java.awt.event.InvocationEvent.dispatch()V java.desktop@11.0.2 (69 bytes) @ 0x0000027b94c6452c [0x0000027b94c64340+0x00000000000001ec]
J 11057 c2 java.awt.EventQueue$4.run()Ljava/lang/Object; java.desktop@11.0.2 (5 bytes) @ 0x0000027b94847e1c [0x0000027b94847d60+0x00000000000000bc]
v  ~StubRoutines::call_stub
J 4170  java.security.AccessController.doPrivileged(Ljava/security/PrivilegedAction;Ljava/security/AccessControlContext;)Ljava/lang/Object; java.base@11.0.2 (0 bytes) @ 0x0000027b943eb436 [0x0000027b943eb3c0+0x0000000000000076]
J 10846 c2 java.awt.EventQueue.dispatchEvent(Ljava/awt/AWTEvent;)V java.desktop@11.0.2 (80 bytes) @ 0x0000027b947fd028 [0x0000027b947fbcc0+0x0000000000001368]
J 26379 c2 ui.frmwork.a.d.dispatchEvent(Ljava/awt/AWTEvent;)V (42 bytes) @ 0x0000027b95abe538 [0x0000027b95abe440+0x00000000000000f8]
J 22389 c2 java.awt.EventDispatchThread.pumpEventsForFilter(ILjava/awt/Conditional;Ljava/awt/EventFilter;)V java.desktop@11.0.2 (47 bytes) @ 0x0000027b950a5ef4 [0x0000027b950a5c00+0x00000000000002f4]
j  java.awt.EventDispatchThread.pumpEventsForFilter(Ljava/awt/Conditional;Ljava/awt/EventFilter;)V+4 java.desktop@11.0.2
j  java.awt.WaitDispatchSupport$2.run()V+59 java.desktop@11.0.2
j  java.awt.WaitDispatchSupport$4.run()Ljava/lang/Void;+4 java.desktop@11.0.2
j  java.awt.WaitDispatchSupport$4.run()Ljava/lang/Object;+1 java.desktop@11.0.2
v  ~StubRoutines::call_stub
J 971  java.security.AccessController.doPrivileged(Ljava/security/PrivilegedAction;)Ljava/lang/Object; java.base@11.0.2 (0 bytes) @ 0x0000027b94256622 [0x0000027b942565c0+0x0000000000000062]
j  java.awt.WaitDispatchSupport.enter()Z+260 java.desktop@11.0.2
j  java.awt.Dialog.show()V+224 java.desktop@11.0.2
J 30701 c1 ui.dlg.c.bz.bIi()V (68 bytes) @ 0x0000027b8dcecac4 [0x0000027b8dcebfa0+0x0000000000000b24]
J 30700 c1 ui.dlg.c.bI.actionPerformed(Ljava/awt/event/ActionEvent;)V (24 bytes) @ 0x0000027b8d988cac [0x0000027b8d9882e0+0x00000000000009cc]
j  ui.dlg.c.bz.fud()V+388
j  ui.views.c.t.b.a.run()V+60
j  ui.frmwork.cmd.a.hsT()Z+66
j  ui.frmwork.cmd.d.htb()V+42
j  ui.bm.actionPerformed(Ljava/awt/event/ActionEvent;)V+25
j  javax.swing.AbstractButton.fireActionPerformed(Ljava/awt/event/ActionEvent;)V+83 java.desktop@11.0.2
j  ui.utils.swing.b.E.fireActionPerformed(Ljava/awt/event/ActionEvent;)V+7
j  javax.swing.AbstractButton$Handler.actionPerformed(Ljava/awt/event/ActionEvent;)V+5 java.desktop@11.0.2
j  javax.swing.DefaultButtonModel.fireActionPerformed(Ljava/awt/event/ActionEvent;)V+34 java.desktop@11.0.2
J 26276 c1 javax.swing.DefaultButtonModel.setPressed(Z)V java.desktop@11.0.2 (125 bytes) @ 0x0000027b8fcd33a4 [0x0000027b8fcd2400+0x0000000000000fa4]
j  javax.swing.plaf.basic.BasicButtonListener.mouseReleased(Ljava/awt/event/MouseEvent;)V+35 java.desktop@11.0.2
j  com.jidesoft.plaf.basic.BasicJideButtonListener.mouseReleased(Ljava/awt/event/MouseEvent;)V+61
J 18589 c1 java.awt.AWTEventMulticaster.mouseReleased(Ljava/awt/event/MouseEvent;)V java.desktop@11.0.2 (27 bytes) @ 0x0000027b8ccf49ac [0x0000027b8ccf4780+0x000000000000022c]
J 18589 c1 java.awt.AWTEventMulticaster.mouseReleased(Ljava/awt/event/MouseEvent;)V java.desktop@11.0.2 (27 bytes) @ 0x0000027b8ccf49ac [0x0000027b8ccf4780+0x000000000000022c]
J 18589 c1 java.awt.AWTEventMulticaster.mouseReleased(Ljava/awt/event/MouseEvent;)V java.desktop@11.0.2 (27 bytes) @ 0x0000027b8ccf49ac [0x0000027b8ccf4780+0x000000000000022c]
J 26731 c2 javax.swing.JComponent.processMouseEvent(Ljava/awt/event/MouseEvent;)V java.desktop@11.0.2 (27 bytes) @ 0x0000027b95b4a668 [0x0000027b95b4a2a0+0x00000000000003c8]
J 26696 c2 java.awt.Container.processEvent(Ljava/awt/AWTEvent;)V java.desktop@11.0.2 (22 bytes) @ 0x0000027b95b3d6fc [0x0000027b95b3d520+0x00000000000001dc]
J 26765 c2 java.awt.Component.dispatchEventImpl(Ljava/awt/AWTEvent;)V java.desktop@11.0.2 (777 bytes) @ 0x0000027b95b598f8 [0x0000027b95b59440+0x00000000000004b8]
J 17488 c2 java.awt.Container.dispatchEventImpl(Ljava/awt/AWTEvent;)V java.desktop@11.0.2 (129 bytes) @ 0x0000027b95014f40 [0x0000027b95014ee0+0x0000000000000060]
J 14904 c2 java.awt.LightweightDispatcher.retargetMouseEvent(Ljava/awt/Component;ILjava/awt/event/MouseEvent;)V java.desktop@11.0.2 (372 bytes) @ 0x0000027b94d2c8fc [0x0000027b94d2c3c0+0x000000000000053c]
J 16184 c2 java.awt.Window.dispatchEventImpl(Ljava/awt/AWTEvent;)V java.desktop@11.0.2 (23 bytes) @ 0x0000027b94716884 [0x0000027b94715600+0x0000000000001284]
J 11057 c2 java.awt.EventQueue$4.run()Ljava/lang/Object; java.desktop@11.0.2 (5 bytes) @ 0x0000027b94847eb0 [0x0000027b94847d60+0x0000000000000150]
v  ~StubRoutines::call_stub
J 4170  java.security.AccessController.doPrivileged(Ljava/security/PrivilegedAction;Ljava/security/AccessControlContext;)Ljava/lang/Object; java.base@11.0.2 (0 bytes) @ 0x0000027b943eb436 [0x0000027b943eb3c0+0x0000000000000076]
J 14702 c2 java.awt.EventQueue$5.run()Ljava/lang/Object; java.desktop@11.0.2 (5 bytes) @ 0x0000027b94c9b8bc [0x0000027b94c9b660+0x000000000000025c]
v  ~StubRoutines::call_stub
J 4170  java.security.AccessController.doPrivileged(Ljava/security/PrivilegedAction;Ljava/security/AccessControlContext;)Ljava/lang/Object; java.base@11.0.2 (0 bytes) @ 0x0000027b943eb436 [0x0000027b943eb3c0+0x0000000000000076]
J 10846 c2 java.awt.EventQueue.dispatchEvent(Ljava/awt/AWTEvent;)V java.desktop@11.0.2 (80 bytes) @ 0x0000027b947fc744 [0x0000027b947fbcc0+0x0000000000000a84]
J 26379 c2 ui.frmwork.a.d.dispatchEvent(Ljava/awt/AWTEvent;)V (42 bytes) @ 0x0000027b95abe538 [0x0000027b95abe440+0x00000000000000f8]
J 22058% c2 java.awt.EventDispatchThread.pumpEventsForFilter(ILjava/awt/Conditional;Ljava/awt/EventFilter;)V java.desktop@11.0.2 (47 bytes) @ 0x0000027b94e36534 [0x0000027b94e36180+0x00000000000003b4]
j  java.awt.EventDispatchThread.pumpEventsForHierarchy(ILjava/awt/Conditional;Ljava/awt/Component;)V+11 java.desktop@11.0.2
j  java.awt.EventDispatchThread.pumpEvents(ILjava/awt/Conditional;)V+4 java.desktop@11.0.2
j  java.awt.EventDispatchThread.pumpEvents(Ljava/awt/Conditional;)V+3 java.desktop@11.0.2
j  java.awt.EventDispatchThread.run()V+9 java.desktop@11.0.2
v  ~StubRoutines::call_stub

siginfo: EXCEPTION_ACCESS_VIOLATION (0xc0000005), reading address 0x0000000000000044


Register to memory mapping:

RIP=0x00007fff03531049 points into unknown readable memory: 83 79 44 00 75 07 33
RAX=0x0000ee38ec2bbdf4 is an unknown value
RBX=0x0000027c0256ae30 points into unknown readable memory: 60 ab 56 02 7c 02 00 00
RCX=0x0 is NULL
RDX=0x0000027bd3836640 points into unknown readable memory: c0 4b 55 03 ff 7f 00 00
RSP=0x000000c7e39f39d0 is pointing into the stack for thread: 0x0000027ba423e800
RBP=0x0 is NULL
RSI=0x0000027bd3836640 points into unknown readable memory: c0 4b 55 03 ff 7f 00 00
RDI=0x0 is NULL
R8 =0x000000c7e39f3a60 is pointing into the stack for thread: 0x0000027ba423e800
R9 =0x0000000000000018 is an unknown value
R10=0x0 is NULL
R11=0x0010000000000000 is an unknown value
R12=0x0000000000000001 is an unknown value
R13=0x00007fff03558e50 points into unknown readable memory: d0 2f 53 03 ff 7f 00 00
R14=0x0000027c01bd7af0 points into unknown readable memory: 40 66 83 d3 7b 02 00 00
R15=0x000000c7e39f3a60 is pointing into the stack for thread: 0x0000027ba423e800


Registers:
RAX=0x0000ee38ec2bbdf4, RBX=0x0000027c0256ae30, RCX=0x0000000000000000, RDX=0x0000027bd3836640
RSP=0x000000c7e39f39d0, RBP=0x0000000000000000, RSI=0x0000027bd3836640, RDI=0x0000000000000000
R8 =0x000000c7e39f3a60, R9 =0x0000000000000018, R10=0x0000000000000000, R11=0x0010000000000000
R12=0x0000000000000001, R13=0x00007fff03558e50, R14=0x0000027c01bd7af0, R15=0x000000c7e39f3a60
RIP=0x00007fff03531049, EFLAGS=0x0000000000010202

Top of Stack: (sp=0x000000c7e39f39d0)
0x000000c7e39f39d0:   0000000000576188 00007fff767c07b0
0x000000c7e39f39e0:   000000c7e39f4e00 000000c7e39f3e00
0x000000c7e39f39f0:   0000000000000000 00007fff741198bb
0x000000c7e39f3a00:   fffffffffffffffe 000000c7e39f4e00
0x000000c7e39f3a10:   000000c7e39f43f0 000000c7e39f3be8
0x000000c7e39f3a20:   0000027c12089d60 0000027c01bd7af0
0x000000c7e39f3a30:   0000027c01bd7af0 00007fff03542487
0x000000c7e39f3a40:   000000c7e39f3b11 0000027c0256ae30
0x000000c7e39f3a50:   0000027c04465f90 00007fff767c07b0
0x000000c7e39f3a60:   00007ffec72c9920 000000c7e39f3e00
0x000000c7e39f3a70:   000000c7e39f3ea0 000000c7e39f4440
0x000000c7e39f3a80:   0000002280000029 0000000000000000
0x000000c7e39f3a90:   0000000000000000 000000000000000f
0x000000c7e39f3aa0:   00007fff6f264520 000000c7e39f3be8
0x000000c7e39f3ab0:   00007ffec71f6990 0000000000000001
0x000000c7e39f3ac0:   000000c7e39f45b0 00007ffec72c9920 

Instructions: (pc=0x00007fff03531049)
0x00007fff03531029:   50 48 c7 44 24 30 fe ff ff ff 48 89 5c 24 78 48
0x00007fff03531039:   89 b4 24 80 00 00 00 4d 8b f8 48 8b f2 48 8b f9
0x00007fff03531049:   83 79 44 00 75 07 33 c0 e9 d1 00 00 00 48 8b 41
0x00007fff03531059:   48 8b 10 48 03 51 28 48 8d 4c 24 38 e8 66 eb ff 


Stack slot to memory mapping:
stack at sp + 0 slots: 0x0000000000576188 is an unknown value
stack at sp + 1 slots: 0x00007fff767c07b0 ntdll.dll
stack at sp + 2 slots: 0x000000c7e39f4e00 is pointing into the stack for thread: 0x0000027ba423e800
stack at sp + 3 slots: 0x000000c7e39f3e00 is pointing into the stack for thread: 0x0000027ba423e800
stack at sp + 4 slots: 0x0 is NULL
stack at sp + 5 slots: 0x00007fff741198bb KERNELBASE.dll
stack at sp + 6 slots: 0xfffffffffffffffe is an unknown value
stack at sp + 7 slots: 0x000000c7e39f4e00 is pointing into the stack for thread: 0x0000027ba423e800


---------------  P R O C E S S  ---------------

Threads class SMR info:
_java_thread_list=0x0000027c016f1020, length=41, elements={
0x0000027bfa6dc800, 0x0000027bb1098800, 0x0000027bb2ffe800, 0x0000027bfe7e5000,
0x0000027bfbfb9800, 0x0000027bb188a800, 0x0000027bb188b800, 0x0000027bb18e1000,
0x0000027bb4464000, 0x0000027bb446c800, 0x0000027bb43d4800, 0x0000027bb4906800,
0x0000027bb4365000, 0x0000027ba317d000, 0x0000027ba423e800, 0x0000027ba33ff000,
0x0000027ba381b000, 0x0000027ba35d9800, 0x0000027ba372c800, 0x0000027ba3728800,
0x0000027ba372e000, 0x0000027ba3729800, 0x0000027ba372b800, 0x0000027ba372d800,
0x0000027ba84cb800, 0x0000027ba84ce000, 0x0000027ba84cf000, 0x0000027ba84cf800,
0x0000027ba84d2000, 0x0000027ba84d4800, 0x0000027c044a5800, 0x0000027c044af000,
0x0000027c044b5000, 0x0000027ba84ca000, 0x0000027ba84c6800, 0x0000027ba84c7800,
0x0000027ba658a000, 0x0000027c044ab000, 0x0000027c044b3000, 0x0000027ba84cb000,
0x0000027ba84c9000
}

Java Threads: ( => current thread )
  0x0000027bfa6dc800 JavaThread "main" [_thread_blocked, id=20064, stack(0x000000c7dee00000,0x000000c7def00000)]
  0x0000027bb1098800 JavaThread "Reference Handler" daemon [_thread_blocked, id=13792, stack(0x000000c7df500000,0x000000c7dfa00000)]
  0x0000027bb2ffe800 JavaThread "Finalizer" daemon [_thread_blocked, id=12512, stack(0x000000c7dfa00000,0x000000c7dff00000)]
  0x0000027bfe7e5000 JavaThread "Signal Dispatcher" daemon [_thread_blocked, id=21100, stack(0x000000c7dff00000,0x000000c7e0400000)]
  0x0000027bfbfb9800 JavaThread "Attach Listener" daemon [_thread_blocked, id=20728, stack(0x000000c7e0400000,0x000000c7e0900000)]
  0x0000027bb188a800 JavaThread "C2 CompilerThread0" daemon [_thread_blocked, id=21560, stack(0x000000c7e0900000,0x000000c7e0a00000)]
  0x0000027bb188b800 JavaThread "C1 CompilerThread0" daemon [_thread_blocked, id=22328, stack(0x000000c7e0a00000,0x000000c7e0b00000)]
  0x0000027bb18e1000 JavaThread "Sweeper thread" daemon [_thread_blocked, id=4820, stack(0x000000c7e0b00000,0x000000c7e1000000)]
  0x0000027bb4464000 JavaThread "Common-Cleaner" daemon [_thread_blocked, id=11028, stack(0x000000c7e1000000,0x000000c7e1500000)]
  0x0000027bb446c800 JavaThread "Service Thread" daemon [_thread_blocked, id=13960, stack(0x000000c7e1500000,0x000000c7e1a00000)]
  0x0000027bb43d4800 JavaThread "Java2D Disposer" daemon [_thread_blocked, id=21052, stack(0x000000c7e1b00000,0x000000c7e2000000)]
  0x0000027bb4906800 JavaThread "AWT-Windows" daemon [_thread_in_native, id=19376, stack(0x000000c7e2500000,0x000000c7e2a00000)]
  0x0000027bb4365000 JavaThread "TimerQueue" daemon [_thread_blocked, id=19196, stack(0x000000c7e2000000,0x000000c7e2500000)]
  0x0000027ba317d000 JavaThread "AWT-Shutdown" [_thread_blocked, id=17800, stack(0x000000c7e3000000,0x000000c7e3500000)]
=>0x0000027ba423e800 JavaThread "AWT-EventQueue-0" [_thread_in_native, id=13580, stack(0x000000c7e3500000,0x000000c7e3a00000)]
  0x0000027ba33ff000 JavaThread "Thread-1" [_thread_in_native, id=11280, stack(0x000000c7dd800000,0x000000c7dec00000)]
  0x0000027ba381b000 JavaThread "Process Messages Thread" [_thread_blocked, id=9064, stack(0x000000c7e3f00000,0x000000c7e4400000)]
  0x0000027ba35d9800 JavaThread "Batik CleanerThread" daemon [_thread_blocked, id=17248, stack(0x000000c7e3a00000,0x000000c7e3f00000)]
  0x0000027ba372c800 JavaThread "SyntheticaCleanerThread" daemon [_thread_blocked, id=8932, stack(0x000000c7e4e00000,0x000000c7e5300000)]
  0x0000027ba3728800 JavaThread "Monitor HEventQueue Thread" [_thread_blocked, id=13644, stack(0x000000c7e5600000,0x000000c7e5b00000)]
  0x0000027ba372e000 JavaThread "SyntheticaAnimation 50" daemon [_thread_blocked, id=9696, stack(0x000000c7e5b00000,0x000000c7e6000000)]
  0x0000027ba3729800 JavaThread "SyntheticaAnimation 25" daemon [_thread_blocked, id=3592, stack(0x000000c7e6100000,0x000000c7e6600000)]
  0x0000027ba372b800 JavaThread "SyntheticaAnimation 70" daemon [_thread_blocked, id=18932, stack(0x000000c7e4800000,0x000000c7e4d00000)]
  0x0000027ba372d800 JavaThread "Swing-Shell" daemon [_thread_blocked, id=17160, stack(0x000000c7e2a00000,0x000000c7e2f00000)]
  0x0000027ba84cb800 JavaThread "hw_ila_monitor" [_thread_blocked, id=12256, stack(0x000000c7e7300000,0x000000c7e7800000)]
  0x0000027ba84ce000 JavaThread "pool-2-thread-1" [_thread_blocked, id=21284, stack(0x000000c7e8200000,0x000000c7e8700000)]
  0x0000027ba84cf000 JavaThread "pool-3-thread-1" [_thread_blocked, id=17616, stack(0x000000c7e8700000,0x000000c7e8c00000)]
  0x0000027ba84cf800 JavaThread "pool-4-thread-1" [_thread_blocked, id=17452, stack(0x000000c7e8c00000,0x000000c7e9100000)]
  0x0000027ba84d2000 JavaThread "SyntheticaAnimation 50" daemon [_thread_blocked, id=1116, stack(0x000000c7e6600000,0x000000c7e6b00000)]
  0x0000027ba84d4800 JavaThread "Image Animator 0" daemon [_thread_blocked, id=1988, stack(0x000000c7e9b00000,0x000000c7ea000000)]
  0x0000027c044a5800 JavaThread "Thread-3148" [_thread_in_native, id=14324, stack(0x000000c7e2f00000,0x000000c7e3000000)]
  0x0000027c044af000 JavaThread "Thread-3149" [_thread_in_native, id=21336, stack(0x000000c7dd600000,0x000000c7dd700000)]
  0x0000027c044b5000 JavaThread "Refresh Filesets Swing Worker Thread" [_thread_blocked, id=7764, stack(0x000000c7e7800000,0x000000c7e7d00000)]
  0x0000027ba84ca000 JavaThread "pool-10-thread-1" [_thread_blocked, id=20324, stack(0x000000c7e9100000,0x000000c7e9600000)]
  0x0000027ba84c6800 JavaThread "pool-11-thread-1" [_thread_blocked, id=17920, stack(0x000000c7e9600000,0x000000c7e9b00000)]
  0x0000027ba84c7800 JavaThread "pool-12-thread-1" [_thread_blocked, id=16504, stack(0x000000c7ea000000,0x000000c7ea500000)]
  0x0000027ba658a000 JavaThread "Update Runs Swing Worker Thread" [_thread_blocked, id=21844, stack(0x000000c7ea500000,0x000000c7eaa00000)]
  0x0000027c044ab000 JavaThread "PrinterListener" daemon [_thread_in_native, id=11932, stack(0x000000c7e6b00000,0x000000c7e7000000)]
  0x0000027c044b3000 JavaThread "RemotePrinterListener" daemon [_thread_blocked, id=21068, stack(0x000000c7e7d00000,0x000000c7e8200000)]
  0x0000027ba84cb000 JavaThread "Thread-6790" [_thread_in_native, id=13668, stack(0x000000c7e5300000,0x000000c7e5400000)]
  0x0000027ba84c9000 JavaThread "Relaunch Simulation Thread" [_thread_blocked, id=6852, stack(0x000000c7eaf00000,0x000000c7eb400000)]

Other Threads:
  0x0000027bb1997800 VMThread "VM Thread" [stack: 0x000000c7df400000,0x000000c7df500000] [id=11624]
  0x0000027bb4471800 WatcherThread [stack: 0x000000c7e1a00000,0x000000c7e1b00000] [id=17760]
  0x0000027bf7b52000 GCTaskThread "GC Thread#0" [stack: 0x000000c7def00000,0x000000c7df000000] [id=21364]
  0x0000027ba2cc7800 GCTaskThread "GC Thread#1" [stack: 0x000000c7e4400000,0x000000c7e4500000] [id=13120]
  0x0000027ba2eb4000 GCTaskThread "GC Thread#2" [stack: 0x000000c7e4500000,0x000000c7e4600000] [id=4852]
  0x0000027ba2eb4800 GCTaskThread "GC Thread#3" [stack: 0x000000c7e4600000,0x000000c7e4700000] [id=5244]
  0x0000027bb1af2000 ConcurrentGCThread "G1 Main Marker" [stack: 0x000000c7df000000,0x000000c7df100000] [id=13988]
  0x0000027bfbf49000 ConcurrentGCThread "G1 Conc#0" [stack: 0x000000c7df100000,0x000000c7df200000] [id=18416]
  0x0000027bb18d5800 ConcurrentGCThread "G1 Refine#0" [stack: 0x000000c7df200000,0x000000c7df300000] [id=11348]
  0x0000027bb4f67000 ConcurrentGCThread "G1 Refine#1" [stack: 0x000000c7e4700000,0x000000c7e4800000] [id=19688]
  0x0000027ba40c8800 ConcurrentGCThread "G1 Refine#2" [stack: 0x000000c7e4d00000,0x000000c7e4e00000] [id=18560]
  0x0000027ba6a4c000 ConcurrentGCThread "G1 Refine#3" [stack: 0x000000c7e6000000,0x000000c7e6100000] [id=4564]
  0x0000027bfad66000 ConcurrentGCThread "G1 Young RemSet Sampling" [stack: 0x000000c7df300000,0x000000c7df400000] [id=4264]

Threads with active compile tasks:

VM state:not at safepoint (normal execution)

VM Mutex/Monitor currently owned by a thread: None

Heap address: 0x0000000740000000, size: 3072 MB, Compressed Oops mode: Zero based, Oop shift amount: 3
Narrow klass base: 0x0000000800000000, Narrow klass shift: 0
Compressed class space size: 1073741824 Address: 0x0000000800000000

Heap:
 garbage-first heap   total 337920K, used 114822K [0x0000000740000000, 0x0000000800000000)
  region size 1024K, 15 young (15360K), 2 survivors (2048K)
 Metaspace       used 111981K, capacity 113297K, committed 117660K, reserved 1150976K
  class space    used 14936K, capacity 15441K, committed 16972K, reserved 1048576K
Heap Regions: E=young(eden), S=young(survivor), O=old, HS=humongous(starts), HC=humongous(continues), CS=collection set, F=free, A=archive, TAMS=top-at-mark-start (previous, next)
|   0|0x0000000740000000, 0x0000000740100000, 0x0000000740100000|100%|HS|  |TAMS 0x0000000740000000, 0x0000000740000000| Untracked 
|   1|0x0000000740100000, 0x0000000740200000, 0x0000000740200000|100%|HC|  |TAMS 0x0000000740100000, 0x0000000740100000| Untracked 
|   2|0x0000000740200000, 0x0000000740300000, 0x0000000740300000|100%|HS|  |TAMS 0x0000000740200000, 0x0000000740200000| Untracked 
|   3|0x0000000740300000, 0x0000000740400000, 0x0000000740400000|100%| O|  |TAMS 0x0000000740300000, 0x0000000740300000| Untracked 
|   4|0x0000000740400000, 0x00000007404ffff8, 0x0000000740500000| 99%| O|  |TAMS 0x0000000740400000, 0x0000000740400000| Untracked 
|   5|0x0000000740500000, 0x00000007405ffff8, 0x0000000740600000| 99%| O|  |TAMS 0x0000000740500000, 0x0000000740500000| Untracked 
|   6|0x0000000740600000, 0x00000007406ffff8, 0x0000000740700000| 99%| O|  |TAMS 0x0000000740600000, 0x0000000740600000| Untracked 
|   7|0x0000000740700000, 0x00000007407ffff8, 0x0000000740800000| 99%| O|  |TAMS 0x0000000740700000, 0x0000000740700000| Untracked 
|   8|0x0000000740800000, 0x00000007408ffff0, 0x0000000740900000| 99%| O|  |TAMS 0x0000000740800000, 0x0000000740800000| Untracked 
|   9|0x0000000740900000, 0x00000007409ffff8, 0x0000000740a00000| 99%| O|  |TAMS 0x0000000740900000, 0x0000000740900000| Untracked 
|  10|0x0000000740a00000, 0x0000000740affff8, 0x0000000740b00000| 99%| O|  |TAMS 0x0000000740a00000, 0x0000000740a00000| Untracked 
|  11|0x0000000740b00000, 0x0000000740c00000, 0x0000000740c00000|100%| O|  |TAMS 0x0000000740b00000, 0x0000000740b00000| Untracked 
|  12|0x0000000740c00000, 0x0000000740d00000, 0x0000000740d00000|100%| O|  |TAMS 0x0000000740c00000, 0x0000000740c00000| Untracked 
|  13|0x0000000740d00000, 0x0000000740df7ee8, 0x0000000740e00000| 96%| O|  |TAMS 0x0000000740d00000, 0x0000000740d00000| Untracked 
|  14|0x0000000740e00000, 0x0000000740efbc10, 0x0000000740f00000| 98%| O|  |TAMS 0x0000000740e00000, 0x0000000740e00000| Untracked 
|  15|0x0000000740f00000, 0x0000000740fffff0, 0x0000000741000000| 99%| O|  |TAMS 0x0000000740f00000, 0x0000000740f00000| Untracked 
|  16|0x0000000741000000, 0x00000007410ffff0, 0x0000000741100000| 99%| O|  |TAMS 0x0000000741000000, 0x0000000741000000| Untracked 
|  17|0x0000000741100000, 0x00000007411fffd8, 0x0000000741200000| 99%| O|  |TAMS 0x0000000741100000, 0x0000000741100000| Untracked 
|  18|0x0000000741200000, 0x00000007412ffff0, 0x0000000741300000| 99%| O|  |TAMS 0x0000000741200000, 0x0000000741200000| Untracked 
|  19|0x0000000741300000, 0x00000007413fffe8, 0x0000000741400000| 99%| O|  |TAMS 0x0000000741300000, 0x0000000741300000| Untracked 
|  20|0x0000000741400000, 0x00000007414ffff0, 0x0000000741500000| 99%| O|  |TAMS 0x0000000741400000, 0x0000000741400000| Untracked 
|  21|0x0000000741500000, 0x00000007415fffe8, 0x0000000741600000| 99%| O|  |TAMS 0x0000000741500000, 0x0000000741500000| Untracked 
|  22|0x0000000741600000, 0x00000007416fffe8, 0x0000000741700000| 99%| O|  |TAMS 0x0000000741600000, 0x0000000741600000| Untracked 
|  23|0x0000000741700000, 0x00000007417fffb8, 0x0000000741800000| 99%| O|  |TAMS 0x0000000741700000, 0x0000000741700000| Untracked 
|  24|0x0000000741800000, 0x00000007418ffff0, 0x0000000741900000| 99%| O|  |TAMS 0x0000000741800000, 0x0000000741800000| Untracked 
|  25|0x0000000741900000, 0x0000000741a00000, 0x0000000741a00000|100%| O|  |TAMS 0x0000000741900000, 0x0000000741900000| Untracked 
|  26|0x0000000741a00000, 0x0000000741b00000, 0x0000000741b00000|100%| O|  |TAMS 0x0000000741a00000, 0x0000000741a00000| Untracked 
|  27|0x0000000741b00000, 0x0000000741bfffe8, 0x0000000741c00000| 99%| O|  |TAMS 0x0000000741b00000, 0x0000000741b00000| Untracked 
|  28|0x0000000741c00000, 0x0000000741cffff0, 0x0000000741d00000| 99%| O|  |TAMS 0x0000000741c00000, 0x0000000741c00000| Untracked 
|  29|0x0000000741d00000, 0x0000000741e00000, 0x0000000741e00000|100%| O|  |TAMS 0x0000000741d00000, 0x0000000741d00000| Untracked 
|  30|0x0000000741e00000, 0x0000000741f00000, 0x0000000741f00000|100%| O|  |TAMS 0x0000000741e00000, 0x0000000741e00000| Untracked 
|  31|0x0000000741f00000, 0x0000000741fffff8, 0x0000000742000000| 99%| O|  |TAMS 0x0000000741f00000, 0x0000000741f00000| Untracked 
|  32|0x0000000742000000, 0x00000007420fffe0, 0x0000000742100000| 99%| O|  |TAMS 0x0000000742000000, 0x0000000742000000| Untracked 
|  33|0x0000000742100000, 0x00000007421ffff0, 0x0000000742200000| 99%| O|  |TAMS 0x0000000742100000, 0x0000000742100000| Untracked 
|  34|0x0000000742200000, 0x00000007422ffff8, 0x0000000742300000| 99%| O|  |TAMS 0x0000000742200000, 0x0000000742200000| Untracked 
|  35|0x0000000742300000, 0x00000007423ffff0, 0x0000000742400000| 99%| O|  |TAMS 0x0000000742300000, 0x0000000742300000| Untracked 
|  36|0x0000000742400000, 0x00000007424fffe8, 0x0000000742500000| 99%| O|  |TAMS 0x0000000742400000, 0x0000000742400000| Untracked 
|  37|0x0000000742500000, 0x00000007425ffff8, 0x0000000742600000| 99%| O|  |TAMS 0x0000000742500000, 0x0000000742500000| Untracked 
|  38|0x0000000742600000, 0x00000007426ffff8, 0x0000000742700000| 99%| O|  |TAMS 0x0000000742600000, 0x0000000742600000| Untracked 
|  39|0x0000000742700000, 0x00000007427ff838, 0x0000000742800000| 99%| O|  |TAMS 0x0000000742700000, 0x0000000742700000| Untracked 
|  40|0x0000000742800000, 0x00000007428fe668, 0x0000000742900000| 99%| O|  |TAMS 0x0000000742800000, 0x0000000742800000| Untracked 
|  41|0x0000000742900000, 0x00000007429ffff0, 0x0000000742a00000| 99%| O|  |TAMS 0x0000000742900000, 0x0000000742900000| Untracked 
|  42|0x0000000742a00000, 0x0000000742affaa0, 0x0000000742b00000| 99%| O|  |TAMS 0x0000000742a00000, 0x0000000742a00000| Untracked 
|  43|0x0000000742b00000, 0x0000000742bffd98, 0x0000000742c00000| 99%| O|  |TAMS 0x0000000742b00000, 0x0000000742b00000| Untracked 
|  44|0x0000000742c00000, 0x0000000742d00000, 0x0000000742d00000|100%| O|  |TAMS 0x0000000742c00000, 0x0000000742c00000| Untracked 
|  45|0x0000000742d00000, 0x0000000742dfffe8, 0x0000000742e00000| 99%| O|  |TAMS 0x0000000742d00000, 0x0000000742d00000| Untracked 
|  46|0x0000000742e00000, 0x0000000742effff8, 0x0000000742f00000| 99%| O|  |TAMS 0x0000000742e00000, 0x0000000742e00000| Untracked 
|  47|0x0000000742f00000, 0x0000000742fffff8, 0x0000000743000000| 99%| O|  |TAMS 0x0000000742f00000, 0x0000000742f00000| Untracked 
|  48|0x0000000743000000, 0x00000007430ffff8, 0x0000000743100000| 99%| O|  |TAMS 0x0000000743000000, 0x0000000743000000| Untracked 
|  49|0x0000000743100000, 0x00000007431ff878, 0x0000000743200000| 99%| O|  |TAMS 0x0000000743100000, 0x0000000743100000| Untracked 
|  50|0x0000000743200000, 0x00000007432ffff8, 0x0000000743300000| 99%| O|  |TAMS 0x0000000743200000, 0x0000000743200000| Untracked 
|  51|0x0000000743300000, 0x0000000743400000, 0x0000000743400000|100%| O|  |TAMS 0x0000000743300000, 0x0000000743300000| Untracked 
|  52|0x0000000743400000, 0x00000007434ffff8, 0x0000000743500000| 99%| O|  |TAMS 0x0000000743400000, 0x0000000743400000| Untracked 
|  53|0x0000000743500000, 0x0000000743600000, 0x0000000743600000|100%| O|  |TAMS 0x0000000743500000, 0x0000000743500000| Untracked 
|  54|0x0000000743600000, 0x00000007436fffe8, 0x0000000743700000| 99%| O|  |TAMS 0x0000000743600000, 0x0000000743600000| Untracked 
|  55|0x0000000743700000, 0x0000000743800000, 0x0000000743800000|100%| O|  |TAMS 0x0000000743700000, 0x0000000743700000| Untracked 
|  56|0x0000000743800000, 0x0000000743900000, 0x0000000743900000|100%| O|  |TAMS 0x0000000743800000, 0x0000000743800000| Untracked 
|  57|0x0000000743900000, 0x00000007439fffe8, 0x0000000743a00000| 99%| O|  |TAMS 0x0000000743900000, 0x0000000743900000| Untracked 
|  58|0x0000000743a00000, 0x0000000743affff8, 0x0000000743b00000| 99%| O|  |TAMS 0x0000000743a00000, 0x0000000743a00000| Untracked 
|  59|0x0000000743b00000, 0x0000000743bfffe0, 0x0000000743c00000| 99%| O|  |TAMS 0x0000000743b00000, 0x0000000743b00000| Untracked 
|  60|0x0000000743c00000, 0x0000000743cffff8, 0x0000000743d00000| 99%| O|  |TAMS 0x0000000743c00000, 0x0000000743c00000| Untracked 
|  61|0x0000000743d00000, 0x0000000743dffff0, 0x0000000743e00000| 99%| O|  |TAMS 0x0000000743d00000, 0x0000000743d00000| Untracked 
|  62|0x0000000743e00000, 0x0000000743efffd0, 0x0000000743f00000| 99%| O|  |TAMS 0x0000000743e00000, 0x0000000743e00000| Untracked 
|  63|0x0000000743f00000, 0x0000000744000000, 0x0000000744000000|100%| O|  |TAMS 0x0000000743f00000, 0x0000000743f00000| Untracked 
|  64|0x0000000744000000, 0x0000000744100000, 0x0000000744100000|100%| O|  |TAMS 0x0000000744000000, 0x0000000744000000| Untracked 
|  65|0x0000000744100000, 0x00000007441fffe0, 0x0000000744200000| 99%| O|  |TAMS 0x0000000744100000, 0x0000000744100000| Untracked 
|  66|0x0000000744200000, 0x00000007442ffff0, 0x0000000744300000| 99%| O|  |TAMS 0x0000000744200000, 0x0000000744200000| Untracked 
|  67|0x0000000744300000, 0x00000007443fffc8, 0x0000000744400000| 99%| O|  |TAMS 0x0000000744300000, 0x0000000744300000| Untracked 
|  68|0x0000000744400000, 0x00000007444fffe8, 0x0000000744500000| 99%| O|  |TAMS 0x0000000744400000, 0x0000000744400000| Untracked 
|  69|0x0000000744500000, 0x0000000744600000, 0x0000000744600000|100%| O|  |TAMS 0x0000000744500000, 0x0000000744500000| Untracked 
|  70|0x0000000744600000, 0x00000007446fffc0, 0x0000000744700000| 99%| O|  |TAMS 0x0000000744600000, 0x0000000744600000| Untracked 
|  71|0x0000000744700000, 0x00000007447fff98, 0x0000000744800000| 99%| O|  |TAMS 0x0000000744700000, 0x0000000744700000| Untracked 
|  72|0x0000000744800000, 0x00000007448ffff0, 0x0000000744900000| 99%| O|  |TAMS 0x0000000744800000, 0x0000000744800000| Untracked 
|  73|0x0000000744900000, 0x0000000744a00000, 0x0000000744a00000|100%| O|  |TAMS 0x0000000744900000, 0x0000000744900000| Untracked 
|  74|0x0000000744a00000, 0x0000000744afffd8, 0x0000000744b00000| 99%| O|  |TAMS 0x0000000744a00000, 0x0000000744a00000| Untracked 
|  75|0x0000000744b00000, 0x0000000744bfffe8, 0x0000000744c00000| 99%| O|  |TAMS 0x0000000744b00000, 0x0000000744b00000| Untracked 
|  76|0x0000000744c00000, 0x0000000744d00000, 0x0000000744d00000|100%| O|  |TAMS 0x0000000744c00000, 0x0000000744c00000| Untracked 
|  77|0x0000000744d00000, 0x0000000744dfffc8, 0x0000000744e00000| 99%| O|  |TAMS 0x0000000744d00000, 0x0000000744d00000| Untracked 
|  78|0x0000000744e00000, 0x0000000744f00000, 0x0000000744f00000|100%| O|  |TAMS 0x0000000744e00000, 0x0000000744e00000| Untracked 
|  79|0x0000000744f00000, 0x0000000744ffffb8, 0x0000000745000000| 99%| O|  |TAMS 0x0000000744f00000, 0x0000000744f00000| Untracked 
|  80|0x0000000745000000, 0x00000007450fff08, 0x0000000745100000| 99%| O|  |TAMS 0x0000000745000000, 0x0000000745000000| Untracked 
|  81|0x0000000745100000, 0x00000007451fffe0, 0x0000000745200000| 99%| O|  |TAMS 0x0000000745100000, 0x0000000745100000| Untracked 
|  82|0x0000000745200000, 0x00000007452ff750, 0x0000000745300000| 99%| O|  |TAMS 0x0000000745200000, 0x0000000745200000| Untracked 
|  83|0x0000000745300000, 0x0000000745400000, 0x0000000745400000|100%| O|  |TAMS 0x0000000745300000, 0x0000000745300000| Untracked 
|  84|0x0000000745400000, 0x00000007454ffff8, 0x0000000745500000| 99%| O|  |TAMS 0x0000000745400000, 0x0000000745400000| Untracked 
|  85|0x0000000745500000, 0x0000000745600000, 0x0000000745600000|100%|HS|  |TAMS 0x0000000745500000, 0x0000000745500000| Untracked 
|  86|0x0000000745600000, 0x00000007456fffe8, 0x0000000745700000| 99%| O|  |TAMS 0x0000000745600000, 0x0000000745600000| Untracked 
|  87|0x0000000745700000, 0x00000007457fffc0, 0x0000000745800000| 99%| O|  |TAMS 0x0000000745700000, 0x0000000745700000| Untracked 
|  88|0x0000000745800000, 0x00000007458fff18, 0x0000000745900000| 99%| O|  |TAMS 0x0000000745800000, 0x0000000745800000| Untracked 
|  89|0x0000000745900000, 0x00000007459ffff0, 0x0000000745a00000| 99%| O|  |TAMS 0x0000000745900000, 0x0000000745900000| Untracked 
|  90|0x0000000745a00000, 0x0000000745affff8, 0x0000000745b00000| 99%| O|  |TAMS 0x0000000745a00000, 0x0000000745a00000| Untracked 
|  91|0x0000000745b00000, 0x0000000745bffff8, 0x0000000745c00000| 99%| O|  |TAMS 0x0000000745b00000, 0x0000000745b00000| Untracked 
|  92|0x0000000745c00000, 0x0000000745cb62b8, 0x0000000745d00000| 71%| O|  |TAMS 0x0000000745c00000, 0x0000000745c00000| Untracked 
|  93|0x0000000745d00000, 0x0000000745d7b980, 0x0000000745e00000| 48%| O|  |TAMS 0x0000000745d00000, 0x0000000745d00000| Untracked 
|  94|0x0000000745e00000, 0x0000000745e5b760, 0x0000000745f00000| 35%| O|  |TAMS 0x0000000745e00000, 0x0000000745e00000| Untracked 
|  95|0x0000000745f00000, 0x0000000745f68200, 0x0000000746000000| 40%| O|  |TAMS 0x0000000745f00000, 0x0000000745f00000| Untracked 
|  96|0x0000000746000000, 0x0000000746100000, 0x0000000746100000|100%|HS|  |TAMS 0x0000000746000000, 0x0000000746000000| Untracked 
|  97|0x0000000746100000, 0x0000000746100000, 0x0000000746200000|  0%| F|  |TAMS 0x0000000746100000, 0x0000000746100000| Untracked 
|  98|0x0000000746200000, 0x0000000746200000, 0x0000000746300000|  0%| F|  |TAMS 0x0000000746200000, 0x0000000746200000| Untracked 
|  99|0x0000000746300000, 0x0000000746300000, 0x0000000746400000|  0%| F|  |TAMS 0x0000000746300000, 0x0000000746300000| Untracked 
| 100|0x0000000746400000, 0x0000000746400000, 0x0000000746500000|  0%| F|  |TAMS 0x0000000746400000, 0x0000000746400000| Untracked 
| 101|0x0000000746500000, 0x0000000746500000, 0x0000000746600000|  0%| F|  |TAMS 0x0000000746500000, 0x0000000746500000| Untracked 
| 102|0x0000000746600000, 0x0000000746600000, 0x0000000746700000|  0%| F|  |TAMS 0x0000000746600000, 0x0000000746600000| Untracked 
| 103|0x0000000746700000, 0x0000000746800000, 0x0000000746800000|100%|HS|  |TAMS 0x0000000746700000, 0x0000000746700000| Untracked 
| 104|0x0000000746800000, 0x0000000746900000, 0x0000000746900000|100%|HC|  |TAMS 0x0000000746800000, 0x0000000746800000| Untracked 
| 105|0x0000000746900000, 0x0000000746a00000, 0x0000000746a00000|100%|HC|  |TAMS 0x0000000746900000, 0x0000000746900000| Untracked 
| 106|0x0000000746a00000, 0x0000000746b00000, 0x0000000746b00000|100%|HC|  |TAMS 0x0000000746a00000, 0x0000000746a00000| Untracked 
| 107|0x0000000746b00000, 0x0000000746b00000, 0x0000000746c00000|  0%| F|  |TAMS 0x0000000746b00000, 0x0000000746b00000| Untracked 
| 108|0x0000000746c00000, 0x0000000746c00000, 0x0000000746d00000|  0%| F|  |TAMS 0x0000000746c00000, 0x0000000746c00000| Untracked 
| 109|0x0000000746d00000, 0x0000000746d00000, 0x0000000746e00000|  0%| F|  |TAMS 0x0000000746d00000, 0x0000000746d00000| Untracked 
| 110|0x0000000746e00000, 0x0000000746e00000, 0x0000000746f00000|  0%| F|  |TAMS 0x0000000746e00000, 0x0000000746e00000| Untracked 
| 111|0x0000000746f00000, 0x0000000746f00000, 0x0000000747000000|  0%| F|  |TAMS 0x0000000746f00000, 0x0000000746f00000| Untracked 
| 112|0x0000000747000000, 0x0000000747000000, 0x0000000747100000|  0%| F|  |TAMS 0x0000000747000000, 0x0000000747000000| Untracked 
| 113|0x0000000747100000, 0x0000000747100000, 0x0000000747200000|  0%| F|  |TAMS 0x0000000747100000, 0x0000000747100000| Untracked 
| 114|0x0000000747200000, 0x0000000747200000, 0x0000000747300000|  0%| F|  |TAMS 0x0000000747200000, 0x0000000747200000| Untracked 
| 115|0x0000000747300000, 0x0000000747300000, 0x0000000747400000|  0%| F|  |TAMS 0x0000000747300000, 0x0000000747300000| Untracked 
| 116|0x0000000747400000, 0x0000000747400000, 0x0000000747500000|  0%| F|  |TAMS 0x0000000747400000, 0x0000000747400000| Untracked 
| 117|0x0000000747500000, 0x0000000747500000, 0x0000000747600000|  0%| F|  |TAMS 0x0000000747500000, 0x0000000747500000| Untracked 
| 118|0x0000000747600000, 0x0000000747600000, 0x0000000747700000|  0%| F|  |TAMS 0x0000000747600000, 0x0000000747600000| Untracked 
| 119|0x0000000747700000, 0x0000000747700000, 0x0000000747800000|  0%| F|  |TAMS 0x0000000747700000, 0x0000000747700000| Untracked 
| 120|0x0000000747800000, 0x0000000747800000, 0x0000000747900000|  0%| F|  |TAMS 0x0000000747800000, 0x0000000747800000| Untracked 
| 121|0x0000000747900000, 0x0000000747900000, 0x0000000747a00000|  0%| F|  |TAMS 0x0000000747900000, 0x0000000747900000| Untracked 
| 122|0x0000000747a00000, 0x0000000747a00000, 0x0000000747b00000|  0%| F|  |TAMS 0x0000000747a00000, 0x0000000747a00000| Untracked 
| 123|0x0000000747b00000, 0x0000000747b00000, 0x0000000747c00000|  0%| F|  |TAMS 0x0000000747b00000, 0x0000000747b00000| Untracked 
| 124|0x0000000747c00000, 0x0000000747c00000, 0x0000000747d00000|  0%| F|  |TAMS 0x0000000747c00000, 0x0000000747c00000| Untracked 
| 125|0x0000000747d00000, 0x0000000747d00000, 0x0000000747e00000|  0%| F|  |TAMS 0x0000000747d00000, 0x0000000747d00000| Untracked 
| 126|0x0000000747e00000, 0x0000000747e00000, 0x0000000747f00000|  0%| F|  |TAMS 0x0000000747e00000, 0x0000000747e00000| Untracked 
| 127|0x0000000747f00000, 0x0000000747f00000, 0x0000000748000000|  0%| F|  |TAMS 0x0000000747f00000, 0x0000000747f00000| Untracked 
| 128|0x0000000748000000, 0x0000000748000000, 0x0000000748100000|  0%| F|  |TAMS 0x0000000748000000, 0x0000000748000000| Untracked 
| 129|0x0000000748100000, 0x0000000748100000, 0x0000000748200000|  0%| F|  |TAMS 0x0000000748100000, 0x0000000748100000| Untracked 
| 130|0x0000000748200000, 0x0000000748200000, 0x0000000748300000|  0%| F|  |TAMS 0x0000000748200000, 0x0000000748200000| Untracked 
| 131|0x0000000748300000, 0x0000000748300000, 0x0000000748400000|  0%| F|  |TAMS 0x0000000748300000, 0x0000000748300000| Untracked 
| 132|0x0000000748400000, 0x0000000748400000, 0x0000000748500000|  0%| F|  |TAMS 0x0000000748400000, 0x0000000748400000| Untracked 
| 133|0x0000000748500000, 0x0000000748500000, 0x0000000748600000|  0%| F|  |TAMS 0x0000000748500000, 0x0000000748500000| Untracked 
| 134|0x0000000748600000, 0x0000000748600000, 0x0000000748700000|  0%| F|  |TAMS 0x0000000748600000, 0x0000000748600000| Untracked 
| 135|0x0000000748700000, 0x0000000748700000, 0x0000000748800000|  0%| F|  |TAMS 0x0000000748700000, 0x0000000748700000| Untracked 
| 136|0x0000000748800000, 0x0000000748800000, 0x0000000748900000|  0%| F|  |TAMS 0x0000000748800000, 0x0000000748800000| Untracked 
| 137|0x0000000748900000, 0x0000000748900000, 0x0000000748a00000|  0%| F|  |TAMS 0x0000000748900000, 0x0000000748900000| Untracked 
| 138|0x0000000748a00000, 0x0000000748a00000, 0x0000000748b00000|  0%| F|  |TAMS 0x0000000748a00000, 0x0000000748a00000| Untracked 
| 139|0x0000000748b00000, 0x0000000748b00000, 0x0000000748c00000|  0%| F|  |TAMS 0x0000000748b00000, 0x0000000748b00000| Untracked 
| 140|0x0000000748c00000, 0x0000000748c00000, 0x0000000748d00000|  0%| F|  |TAMS 0x0000000748c00000, 0x0000000748c00000| Untracked 
| 141|0x0000000748d00000, 0x0000000748d00000, 0x0000000748e00000|  0%| F|  |TAMS 0x0000000748d00000, 0x0000000748d00000| Untracked 
| 142|0x0000000748e00000, 0x0000000748e00000, 0x0000000748f00000|  0%| F|  |TAMS 0x0000000748e00000, 0x0000000748e00000| Untracked 
| 143|0x0000000748f00000, 0x0000000748f00000, 0x0000000749000000|  0%| F|  |TAMS 0x0000000748f00000, 0x0000000748f00000| Untracked 
| 144|0x0000000749000000, 0x0000000749000000, 0x0000000749100000|  0%| F|  |TAMS 0x0000000749000000, 0x0000000749000000| Untracked 
| 145|0x0000000749100000, 0x0000000749100000, 0x0000000749200000|  0%| F|  |TAMS 0x0000000749100000, 0x0000000749100000| Untracked 
| 146|0x0000000749200000, 0x0000000749200000, 0x0000000749300000|  0%| F|  |TAMS 0x0000000749200000, 0x0000000749200000| Untracked 
| 147|0x0000000749300000, 0x0000000749300000, 0x0000000749400000|  0%| F|  |TAMS 0x0000000749300000, 0x0000000749300000| Untracked 
| 148|0x0000000749400000, 0x0000000749400000, 0x0000000749500000|  0%| F|  |TAMS 0x0000000749400000, 0x0000000749400000| Untracked 
| 149|0x0000000749500000, 0x0000000749500000, 0x0000000749600000|  0%| F|  |TAMS 0x0000000749500000, 0x0000000749500000| Untracked 
| 150|0x0000000749600000, 0x0000000749600000, 0x0000000749700000|  0%| F|  |TAMS 0x0000000749600000, 0x0000000749600000| Untracked 
| 151|0x0000000749700000, 0x0000000749700000, 0x0000000749800000|  0%| F|  |TAMS 0x0000000749700000, 0x0000000749700000| Untracked 
| 152|0x0000000749800000, 0x0000000749800000, 0x0000000749900000|  0%| F|  |TAMS 0x0000000749800000, 0x0000000749800000| Untracked 
| 153|0x0000000749900000, 0x0000000749900000, 0x0000000749a00000|  0%| F|  |TAMS 0x0000000749900000, 0x0000000749900000| Untracked 
| 154|0x0000000749a00000, 0x0000000749a00000, 0x0000000749b00000|  0%| F|  |TAMS 0x0000000749a00000, 0x0000000749a00000| Untracked 
| 155|0x0000000749b00000, 0x0000000749b00000, 0x0000000749c00000|  0%| F|  |TAMS 0x0000000749b00000, 0x0000000749b00000| Untracked 
| 156|0x0000000749c00000, 0x0000000749c00000, 0x0000000749d00000|  0%| F|  |TAMS 0x0000000749c00000, 0x0000000749c00000| Untracked 
| 157|0x0000000749d00000, 0x0000000749d00000, 0x0000000749e00000|  0%| F|  |TAMS 0x0000000749d00000, 0x0000000749d00000| Untracked 
| 158|0x0000000749e00000, 0x0000000749e00000, 0x0000000749f00000|  0%| F|  |TAMS 0x0000000749e00000, 0x0000000749e00000| Untracked 
| 159|0x0000000749f00000, 0x0000000749f00000, 0x000000074a000000|  0%| F|  |TAMS 0x0000000749f00000, 0x0000000749f00000| Untracked 
| 160|0x000000074a000000, 0x000000074a000000, 0x000000074a100000|  0%| F|  |TAMS 0x000000074a000000, 0x000000074a000000| Untracked 
| 161|0x000000074a100000, 0x000000074a100000, 0x000000074a200000|  0%| F|  |TAMS 0x000000074a100000, 0x000000074a100000| Untracked 
| 162|0x000000074a200000, 0x000000074a200000, 0x000000074a300000|  0%| F|  |TAMS 0x000000074a200000, 0x000000074a200000| Untracked 
| 163|0x000000074a300000, 0x000000074a300000, 0x000000074a400000|  0%| F|  |TAMS 0x000000074a300000, 0x000000074a300000| Untracked 
| 164|0x000000074a400000, 0x000000074a400000, 0x000000074a500000|  0%| F|  |TAMS 0x000000074a400000, 0x000000074a400000| Untracked 
| 165|0x000000074a500000, 0x000000074a500000, 0x000000074a600000|  0%| F|  |TAMS 0x000000074a500000, 0x000000074a500000| Untracked 
| 166|0x000000074a600000, 0x000000074a600000, 0x000000074a700000|  0%| F|  |TAMS 0x000000074a600000, 0x000000074a600000| Untracked 
| 167|0x000000074a700000, 0x000000074a700000, 0x000000074a800000|  0%| F|  |TAMS 0x000000074a700000, 0x000000074a700000| Untracked 
| 168|0x000000074a800000, 0x000000074a800000, 0x000000074a900000|  0%| F|  |TAMS 0x000000074a800000, 0x000000074a800000| Untracked 
| 169|0x000000074a900000, 0x000000074a900000, 0x000000074aa00000|  0%| F|  |TAMS 0x000000074a900000, 0x000000074a900000| Untracked 
| 170|0x000000074aa00000, 0x000000074aa00000, 0x000000074ab00000|  0%| F|  |TAMS 0x000000074aa00000, 0x000000074aa00000| Untracked 
| 171|0x000000074ab00000, 0x000000074ab00000, 0x000000074ac00000|  0%| F|  |TAMS 0x000000074ab00000, 0x000000074ab00000| Untracked 
| 172|0x000000074ac00000, 0x000000074ac00000, 0x000000074ad00000|  0%| F|  |TAMS 0x000000074ac00000, 0x000000074ac00000| Untracked 
| 173|0x000000074ad00000, 0x000000074ad00000, 0x000000074ae00000|  0%| F|  |TAMS 0x000000074ad00000, 0x000000074ad00000| Untracked 
| 174|0x000000074ae00000, 0x000000074ae00000, 0x000000074af00000|  0%| F|  |TAMS 0x000000074ae00000, 0x000000074ae00000| Untracked 
| 175|0x000000074af00000, 0x000000074af00000, 0x000000074b000000|  0%| F|  |TAMS 0x000000074af00000, 0x000000074af00000| Untracked 
| 176|0x000000074b000000, 0x000000074b000000, 0x000000074b100000|  0%| F|  |TAMS 0x000000074b000000, 0x000000074b000000| Untracked 
| 177|0x000000074b100000, 0x000000074b100000, 0x000000074b200000|  0%| F|  |TAMS 0x000000074b100000, 0x000000074b100000| Untracked 
| 178|0x000000074b200000, 0x000000074b200000, 0x000000074b300000|  0%| F|  |TAMS 0x000000074b200000, 0x000000074b200000| Untracked 
| 179|0x000000074b300000, 0x000000074b300000, 0x000000074b400000|  0%| F|  |TAMS 0x000000074b300000, 0x000000074b300000| Untracked 
| 180|0x000000074b400000, 0x000000074b400000, 0x000000074b500000|  0%| F|  |TAMS 0x000000074b400000, 0x000000074b400000| Untracked 
| 181|0x000000074b500000, 0x000000074b500000, 0x000000074b600000|  0%| F|  |TAMS 0x000000074b500000, 0x000000074b500000| Untracked 
| 182|0x000000074b600000, 0x000000074b600000, 0x000000074b700000|  0%| F|  |TAMS 0x000000074b600000, 0x000000074b600000| Untracked 
| 183|0x000000074b700000, 0x000000074b700000, 0x000000074b800000|  0%| F|  |TAMS 0x000000074b700000, 0x000000074b700000| Untracked 
| 184|0x000000074b800000, 0x000000074b800000, 0x000000074b900000|  0%| F|  |TAMS 0x000000074b800000, 0x000000074b800000| Untracked 
| 185|0x000000074b900000, 0x000000074b900000, 0x000000074ba00000|  0%| F|  |TAMS 0x000000074b900000, 0x000000074b900000| Untracked 
| 186|0x000000074ba00000, 0x000000074ba00000, 0x000000074bb00000|  0%| F|  |TAMS 0x000000074ba00000, 0x000000074ba00000| Untracked 
| 187|0x000000074bb00000, 0x000000074bb00000, 0x000000074bc00000|  0%| F|  |TAMS 0x000000074bb00000, 0x000000074bb00000| Untracked 
| 188|0x000000074bc00000, 0x000000074bc00000, 0x000000074bd00000|  0%| F|  |TAMS 0x000000074bc00000, 0x000000074bc00000| Untracked 
| 189|0x000000074bd00000, 0x000000074bd00000, 0x000000074be00000|  0%| F|  |TAMS 0x000000074bd00000, 0x000000074bd00000| Untracked 
| 190|0x000000074be00000, 0x000000074be00000, 0x000000074bf00000|  0%| F|  |TAMS 0x000000074be00000, 0x000000074be00000| Untracked 
| 191|0x000000074bf00000, 0x000000074bf00000, 0x000000074c000000|  0%| F|  |TAMS 0x000000074bf00000, 0x000000074bf00000| Untracked 
| 192|0x000000074c000000, 0x000000074c000000, 0x000000074c100000|  0%| F|  |TAMS 0x000000074c000000, 0x000000074c000000| Untracked 
| 193|0x000000074c100000, 0x000000074c100000, 0x000000074c200000|  0%| F|  |TAMS 0x000000074c100000, 0x000000074c100000| Untracked 
| 194|0x000000074c200000, 0x000000074c200000, 0x000000074c300000|  0%| F|  |TAMS 0x000000074c200000, 0x000000074c200000| Untracked 
| 195|0x000000074c300000, 0x000000074c300000, 0x000000074c400000|  0%| F|  |TAMS 0x000000074c300000, 0x000000074c300000| Untracked 
| 196|0x000000074c400000, 0x000000074c400000, 0x000000074c500000|  0%| F|  |TAMS 0x000000074c400000, 0x000000074c400000| Untracked 
| 197|0x000000074c500000, 0x000000074c500000, 0x000000074c600000|  0%| F|  |TAMS 0x000000074c500000, 0x000000074c500000| Untracked 
| 198|0x000000074c600000, 0x000000074c600000, 0x000000074c700000|  0%| F|  |TAMS 0x000000074c600000, 0x000000074c600000| Untracked 
| 199|0x000000074c700000, 0x000000074c700000, 0x000000074c800000|  0%| F|  |TAMS 0x000000074c700000, 0x000000074c700000| Untracked 
| 200|0x000000074c800000, 0x000000074c800000, 0x000000074c900000|  0%| F|  |TAMS 0x000000074c800000, 0x000000074c800000| Untracked 
| 201|0x000000074c900000, 0x000000074c900000, 0x000000074ca00000|  0%| F|  |TAMS 0x000000074c900000, 0x000000074c900000| Untracked 
| 202|0x000000074ca00000, 0x000000074ca00000, 0x000000074cb00000|  0%| F|  |TAMS 0x000000074ca00000, 0x000000074ca00000| Untracked 
| 203|0x000000074cb00000, 0x000000074cb00000, 0x000000074cc00000|  0%| F|  |TAMS 0x000000074cb00000, 0x000000074cb00000| Untracked 
| 204|0x000000074cc00000, 0x000000074cc00000, 0x000000074cd00000|  0%| F|  |TAMS 0x000000074cc00000, 0x000000074cc00000| Untracked 
| 205|0x000000074cd00000, 0x000000074cd00000, 0x000000074ce00000|  0%| F|  |TAMS 0x000000074cd00000, 0x000000074cd00000| Untracked 
| 206|0x000000074ce00000, 0x000000074ce00000, 0x000000074cf00000|  0%| F|  |TAMS 0x000000074ce00000, 0x000000074ce00000| Untracked 
| 207|0x000000074cf00000, 0x000000074cf00000, 0x000000074d000000|  0%| F|  |TAMS 0x000000074cf00000, 0x000000074cf00000| Untracked 
| 208|0x000000074d000000, 0x000000074d000000, 0x000000074d100000|  0%| F|  |TAMS 0x000000074d000000, 0x000000074d000000| Untracked 
| 209|0x000000074d100000, 0x000000074d100000, 0x000000074d200000|  0%| F|  |TAMS 0x000000074d100000, 0x000000074d100000| Untracked 
| 210|0x000000074d200000, 0x000000074d200000, 0x000000074d300000|  0%| F|  |TAMS 0x000000074d200000, 0x000000074d200000| Untracked 
| 211|0x000000074d300000, 0x000000074d300000, 0x000000074d400000|  0%| F|  |TAMS 0x000000074d300000, 0x000000074d300000| Untracked 
| 212|0x000000074d400000, 0x000000074d400000, 0x000000074d500000|  0%| F|  |TAMS 0x000000074d400000, 0x000000074d400000| Untracked 
| 213|0x000000074d500000, 0x000000074d500000, 0x000000074d600000|  0%| F|  |TAMS 0x000000074d500000, 0x000000074d500000| Untracked 
| 214|0x000000074d600000, 0x000000074d600000, 0x000000074d700000|  0%| F|  |TAMS 0x000000074d600000, 0x000000074d600000| Untracked 
| 215|0x000000074d700000, 0x000000074d700000, 0x000000074d800000|  0%| F|  |TAMS 0x000000074d700000, 0x000000074d700000| Untracked 
| 216|0x000000074d800000, 0x000000074d800000, 0x000000074d900000|  0%| F|  |TAMS 0x000000074d800000, 0x000000074d800000| Untracked 
| 217|0x000000074d900000, 0x000000074d900000, 0x000000074da00000|  0%| F|  |TAMS 0x000000074d900000, 0x000000074d900000| Untracked 
| 218|0x000000074da00000, 0x000000074da00000, 0x000000074db00000|  0%| F|  |TAMS 0x000000074da00000, 0x000000074da00000| Untracked 
| 219|0x000000074db00000, 0x000000074db06f68, 0x000000074dc00000|  2%| O|  |TAMS 0x000000074db00000, 0x000000074db00000| Untracked 
| 220|0x000000074dc00000, 0x000000074dc00000, 0x000000074dd00000|  0%| F|  |TAMS 0x000000074dc00000, 0x000000074dc00000| Untracked 
| 221|0x000000074dd00000, 0x000000074dd00000, 0x000000074de00000|  0%| F|  |TAMS 0x000000074dd00000, 0x000000074dd00000| Untracked 
| 222|0x000000074de00000, 0x000000074de00000, 0x000000074df00000|  0%| F|  |TAMS 0x000000074de00000, 0x000000074de00000| Untracked 
| 223|0x000000074df00000, 0x000000074df00000, 0x000000074e000000|  0%| F|  |TAMS 0x000000074df00000, 0x000000074df00000| Untracked 
| 224|0x000000074e000000, 0x000000074e000000, 0x000000074e100000|  0%| F|  |TAMS 0x000000074e000000, 0x000000074e000000| Untracked 
| 225|0x000000074e100000, 0x000000074e100000, 0x000000074e200000|  0%| F|  |TAMS 0x000000074e100000, 0x000000074e100000| Untracked 
| 226|0x000000074e200000, 0x000000074e200000, 0x000000074e300000|  0%| F|  |TAMS 0x000000074e200000, 0x000000074e200000| Untracked 
| 227|0x000000074e300000, 0x000000074e300000, 0x000000074e400000|  0%| F|  |TAMS 0x000000074e300000, 0x000000074e300000| Untracked 
| 228|0x000000074e400000, 0x000000074e400000, 0x000000074e500000|  0%| F|  |TAMS 0x000000074e400000, 0x000000074e400000| Untracked 
| 229|0x000000074e500000, 0x000000074e500000, 0x000000074e600000|  0%| F|  |TAMS 0x000000074e500000, 0x000000074e500000| Untracked 
| 230|0x000000074e600000, 0x000000074e600000, 0x000000074e700000|  0%| F|  |TAMS 0x000000074e600000, 0x000000074e600000| Untracked 
| 231|0x000000074e700000, 0x000000074e700000, 0x000000074e800000|  0%| F|  |TAMS 0x000000074e700000, 0x000000074e700000| Untracked 
| 232|0x000000074e800000, 0x000000074e800000, 0x000000074e900000|  0%| F|  |TAMS 0x000000074e800000, 0x000000074e800000| Untracked 
| 233|0x000000074e900000, 0x000000074e900000, 0x000000074ea00000|  0%| F|  |TAMS 0x000000074e900000, 0x000000074e900000| Untracked 
| 234|0x000000074ea00000, 0x000000074ea00000, 0x000000074eb00000|  0%| F|  |TAMS 0x000000074ea00000, 0x000000074ea00000| Untracked 
| 235|0x000000074eb00000, 0x000000074eb00000, 0x000000074ec00000|  0%| F|  |TAMS 0x000000074eb00000, 0x000000074eb00000| Untracked 
| 236|0x000000074ec00000, 0x000000074ec00000, 0x000000074ed00000|  0%| F|  |TAMS 0x000000074ec00000, 0x000000074ec00000| Untracked 
| 237|0x000000074ed00000, 0x000000074ed00000, 0x000000074ee00000|  0%| F|  |TAMS 0x000000074ed00000, 0x000000074ed00000| Untracked 
| 238|0x000000074ee00000, 0x000000074ee00000, 0x000000074ef00000|  0%| F|  |TAMS 0x000000074ee00000, 0x000000074ee00000| Untracked 
| 239|0x000000074ef00000, 0x000000074ef00000, 0x000000074f000000|  0%| F|  |TAMS 0x000000074ef00000, 0x000000074ef00000| Untracked 
| 240|0x000000074f000000, 0x000000074f000000, 0x000000074f100000|  0%| F|  |TAMS 0x000000074f000000, 0x000000074f000000| Untracked 
| 241|0x000000074f100000, 0x000000074f100000, 0x000000074f200000|  0%| F|  |TAMS 0x000000074f100000, 0x000000074f100000| Untracked 
| 242|0x000000074f200000, 0x000000074f200000, 0x000000074f300000|  0%| F|  |TAMS 0x000000074f200000, 0x000000074f200000| Untracked 
| 243|0x000000074f300000, 0x000000074f300000, 0x000000074f400000|  0%| F|  |TAMS 0x000000074f300000, 0x000000074f300000| Untracked 
| 244|0x000000074f400000, 0x000000074f400000, 0x000000074f500000|  0%| F|  |TAMS 0x000000074f400000, 0x000000074f400000| Untracked 
| 245|0x000000074f500000, 0x000000074f500000, 0x000000074f600000|  0%| F|  |TAMS 0x000000074f500000, 0x000000074f500000| Untracked 
| 246|0x000000074f600000, 0x000000074f600000, 0x000000074f700000|  0%| F|  |TAMS 0x000000074f600000, 0x000000074f600000| Untracked 
| 247|0x000000074f700000, 0x000000074f700000, 0x000000074f800000|  0%| F|  |TAMS 0x000000074f700000, 0x000000074f700000| Untracked 
| 248|0x000000074f800000, 0x000000074f800000, 0x000000074f900000|  0%| F|  |TAMS 0x000000074f800000, 0x000000074f800000| Untracked 
| 249|0x000000074f900000, 0x000000074f900000, 0x000000074fa00000|  0%| F|  |TAMS 0x000000074f900000, 0x000000074f900000| Untracked 
| 250|0x000000074fa00000, 0x000000074fa00000, 0x000000074fb00000|  0%| F|  |TAMS 0x000000074fa00000, 0x000000074fa00000| Untracked 
| 251|0x000000074fb00000, 0x000000074fb00000, 0x000000074fc00000|  0%| F|  |TAMS 0x000000074fb00000, 0x000000074fb00000| Untracked 
| 252|0x000000074fc00000, 0x000000074fc00000, 0x000000074fd00000|  0%| F|  |TAMS 0x000000074fc00000, 0x000000074fc00000| Untracked 
| 253|0x000000074fd00000, 0x000000074fd00000, 0x000000074fe00000|  0%| F|  |TAMS 0x000000074fd00000, 0x000000074fd00000| Untracked 
| 254|0x000000074fe00000, 0x000000074fe00000, 0x000000074ff00000|  0%| F|  |TAMS 0x000000074fe00000, 0x000000074fe00000| Untracked 
| 255|0x000000074ff00000, 0x000000074ff00000, 0x0000000750000000|  0%| F|  |TAMS 0x000000074ff00000, 0x000000074ff00000| Untracked 
| 256|0x0000000750000000, 0x0000000750000000, 0x0000000750100000|  0%| F|  |TAMS 0x0000000750000000, 0x0000000750000000| Untracked 
| 257|0x0000000750100000, 0x0000000750100000, 0x0000000750200000|  0%| F|  |TAMS 0x0000000750100000, 0x0000000750100000| Untracked 
| 258|0x0000000750200000, 0x0000000750200000, 0x0000000750300000|  0%| F|  |TAMS 0x0000000750200000, 0x0000000750200000| Untracked 
| 259|0x0000000750300000, 0x0000000750300000, 0x0000000750400000|  0%| F|  |TAMS 0x0000000750300000, 0x0000000750300000| Untracked 
| 260|0x0000000750400000, 0x0000000750400000, 0x0000000750500000|  0%| F|  |TAMS 0x0000000750400000, 0x0000000750400000| Untracked 
| 261|0x0000000750500000, 0x0000000750500000, 0x0000000750600000|  0%| F|  |TAMS 0x0000000750500000, 0x0000000750500000| Untracked 
| 262|0x0000000750600000, 0x0000000750600000, 0x0000000750700000|  0%| F|  |TAMS 0x0000000750600000, 0x0000000750600000| Untracked 
| 263|0x0000000750700000, 0x0000000750700000, 0x0000000750800000|  0%| F|  |TAMS 0x0000000750700000, 0x0000000750700000| Untracked 
| 264|0x0000000750800000, 0x0000000750800000, 0x0000000750900000|  0%| F|  |TAMS 0x0000000750800000, 0x0000000750800000| Untracked 
| 265|0x0000000750900000, 0x0000000750900000, 0x0000000750a00000|  0%| F|  |TAMS 0x0000000750900000, 0x0000000750900000| Untracked 
| 266|0x0000000750a00000, 0x0000000750a00000, 0x0000000750b00000|  0%| F|  |TAMS 0x0000000750a00000, 0x0000000750a00000| Untracked 
| 267|0x0000000750b00000, 0x0000000750b00000, 0x0000000750c00000|  0%| F|  |TAMS 0x0000000750b00000, 0x0000000750b00000| Untracked 
| 268|0x0000000750c00000, 0x0000000750c00000, 0x0000000750d00000|  0%| F|  |TAMS 0x0000000750c00000, 0x0000000750c00000| Untracked 
| 269|0x0000000750d00000, 0x0000000750d35c00, 0x0000000750e00000| 20%| S|CS|TAMS 0x0000000750d00000, 0x0000000750d00000| Complete 
| 270|0x0000000750e00000, 0x0000000750e00000, 0x0000000750f00000|  0%| F|  |TAMS 0x0000000750e00000, 0x0000000750e00000| Untracked 
| 271|0x0000000750f00000, 0x0000000751000000, 0x0000000751000000|100%| S|CS|TAMS 0x0000000750f00000, 0x0000000750f00000| Complete 
| 272|0x0000000751000000, 0x0000000751000000, 0x0000000751100000|  0%| F|  |TAMS 0x0000000751000000, 0x0000000751000000| Untracked 
| 273|0x0000000751100000, 0x0000000751100000, 0x0000000751200000|  0%| F|  |TAMS 0x0000000751100000, 0x0000000751100000| Untracked 
| 274|0x0000000751200000, 0x0000000751200000, 0x0000000751300000|  0%| F|  |TAMS 0x0000000751200000, 0x0000000751200000| Untracked 
| 275|0x0000000751300000, 0x0000000751300000, 0x0000000751400000|  0%| F|  |TAMS 0x0000000751300000, 0x0000000751300000| Untracked 
| 276|0x0000000751400000, 0x0000000751400000, 0x0000000751500000|  0%| F|  |TAMS 0x0000000751400000, 0x0000000751400000| Untracked 
| 277|0x0000000751500000, 0x0000000751500000, 0x0000000751600000|  0%| F|  |TAMS 0x0000000751500000, 0x0000000751500000| Untracked 
| 278|0x0000000751600000, 0x0000000751600000, 0x0000000751700000|  0%| F|  |TAMS 0x0000000751600000, 0x0000000751600000| Untracked 
| 279|0x0000000751700000, 0x0000000751700000, 0x0000000751800000|  0%| F|  |TAMS 0x0000000751700000, 0x0000000751700000| Untracked 
| 280|0x0000000751800000, 0x0000000751800000, 0x0000000751900000|  0%| F|  |TAMS 0x0000000751800000, 0x0000000751800000| Untracked 
| 281|0x0000000751900000, 0x0000000751900000, 0x0000000751a00000|  0%| F|  |TAMS 0x0000000751900000, 0x0000000751900000| Untracked 
| 282|0x0000000751a00000, 0x0000000751a00000, 0x0000000751b00000|  0%| F|  |TAMS 0x0000000751a00000, 0x0000000751a00000| Untracked 
| 283|0x0000000751b00000, 0x0000000751b00000, 0x0000000751c00000|  0%| F|  |TAMS 0x0000000751b00000, 0x0000000751b00000| Untracked 
| 284|0x0000000751c00000, 0x0000000751c00000, 0x0000000751d00000|  0%| F|  |TAMS 0x0000000751c00000, 0x0000000751c00000| Untracked 
| 285|0x0000000751d00000, 0x0000000751d00000, 0x0000000751e00000|  0%| F|  |TAMS 0x0000000751d00000, 0x0000000751d00000| Untracked 
| 286|0x0000000751e00000, 0x0000000751e00000, 0x0000000751f00000|  0%| F|  |TAMS 0x0000000751e00000, 0x0000000751e00000| Untracked 
| 287|0x0000000751f00000, 0x0000000751f00000, 0x0000000752000000|  0%| F|  |TAMS 0x0000000751f00000, 0x0000000751f00000| Untracked 
| 288|0x0000000752000000, 0x0000000752000000, 0x0000000752100000|  0%| F|  |TAMS 0x0000000752000000, 0x0000000752000000| Untracked 
| 289|0x0000000752100000, 0x0000000752100000, 0x0000000752200000|  0%| F|  |TAMS 0x0000000752100000, 0x0000000752100000| Untracked 
| 290|0x0000000752200000, 0x0000000752200000, 0x0000000752300000|  0%| F|  |TAMS 0x0000000752200000, 0x0000000752200000| Untracked 
| 291|0x0000000752300000, 0x0000000752300000, 0x0000000752400000|  0%| F|  |TAMS 0x0000000752300000, 0x0000000752300000| Untracked 
| 292|0x0000000752400000, 0x0000000752400000, 0x0000000752500000|  0%| F|  |TAMS 0x0000000752400000, 0x0000000752400000| Untracked 
| 293|0x0000000752500000, 0x0000000752500000, 0x0000000752600000|  0%| F|  |TAMS 0x0000000752500000, 0x0000000752500000| Untracked 
| 294|0x0000000752600000, 0x0000000752600000, 0x0000000752700000|  0%| F|  |TAMS 0x0000000752600000, 0x0000000752600000| Untracked 
| 295|0x0000000752700000, 0x0000000752700000, 0x0000000752800000|  0%| F|  |TAMS 0x0000000752700000, 0x0000000752700000| Untracked 
| 296|0x0000000752800000, 0x0000000752800000, 0x0000000752900000|  0%| F|  |TAMS 0x0000000752800000, 0x0000000752800000| Untracked 
| 297|0x0000000752900000, 0x0000000752900000, 0x0000000752a00000|  0%| F|  |TAMS 0x0000000752900000, 0x0000000752900000| Untracked 
| 298|0x0000000752a00000, 0x0000000752a00000, 0x0000000752b00000|  0%| F|  |TAMS 0x0000000752a00000, 0x0000000752a00000| Untracked 
| 299|0x0000000752b00000, 0x0000000752b00000, 0x0000000752c00000|  0%| F|  |TAMS 0x0000000752b00000, 0x0000000752b00000| Untracked 
| 300|0x0000000752c00000, 0x0000000752c00000, 0x0000000752d00000|  0%| F|  |TAMS 0x0000000752c00000, 0x0000000752c00000| Untracked 
| 301|0x0000000752d00000, 0x0000000752d00000, 0x0000000752e00000|  0%| F|  |TAMS 0x0000000752d00000, 0x0000000752d00000| Untracked 
| 302|0x0000000752e00000, 0x0000000752e00000, 0x0000000752f00000|  0%| F|  |TAMS 0x0000000752e00000, 0x0000000752e00000| Untracked 
| 303|0x0000000752f00000, 0x0000000752f00000, 0x0000000753000000|  0%| F|  |TAMS 0x0000000752f00000, 0x0000000752f00000| Untracked 
| 304|0x0000000753000000, 0x0000000753000000, 0x0000000753100000|  0%| F|  |TAMS 0x0000000753000000, 0x0000000753000000| Untracked 
| 305|0x0000000753100000, 0x0000000753100000, 0x0000000753200000|  0%| F|  |TAMS 0x0000000753100000, 0x0000000753100000| Untracked 
| 306|0x0000000753200000, 0x0000000753200000, 0x0000000753300000|  0%| F|  |TAMS 0x0000000753200000, 0x0000000753200000| Untracked 
| 307|0x0000000753300000, 0x0000000753300000, 0x0000000753400000|  0%| F|  |TAMS 0x0000000753300000, 0x0000000753300000| Untracked 
| 308|0x0000000753400000, 0x0000000753400000, 0x0000000753500000|  0%| F|  |TAMS 0x0000000753400000, 0x0000000753400000| Untracked 
| 309|0x0000000753500000, 0x0000000753500000, 0x0000000753600000|  0%| F|  |TAMS 0x0000000753500000, 0x0000000753500000| Untracked 
| 310|0x0000000753600000, 0x0000000753600000, 0x0000000753700000|  0%| F|  |TAMS 0x0000000753600000, 0x0000000753600000| Untracked 
| 311|0x0000000753700000, 0x0000000753700000, 0x0000000753800000|  0%| F|  |TAMS 0x0000000753700000, 0x0000000753700000| Untracked 
| 312|0x0000000753800000, 0x0000000753800000, 0x0000000753900000|  0%| F|  |TAMS 0x0000000753800000, 0x0000000753800000| Untracked 
| 313|0x0000000753900000, 0x0000000753900000, 0x0000000753a00000|  0%| F|  |TAMS 0x0000000753900000, 0x0000000753900000| Untracked 
| 314|0x0000000753a00000, 0x0000000753a00000, 0x0000000753b00000|  0%| F|  |TAMS 0x0000000753a00000, 0x0000000753a00000| Untracked 
| 315|0x0000000753b00000, 0x0000000753b00000, 0x0000000753c00000|  0%| F|  |TAMS 0x0000000753b00000, 0x0000000753b00000| Untracked 
| 316|0x0000000753c00000, 0x0000000753c00000, 0x0000000753d00000|  0%| F|  |TAMS 0x0000000753c00000, 0x0000000753c00000| Untracked 
| 317|0x0000000753d00000, 0x0000000753da1488, 0x0000000753e00000| 63%| E|  |TAMS 0x0000000753d00000, 0x0000000753d00000| Complete 
| 318|0x0000000753e00000, 0x0000000753f00000, 0x0000000753f00000|100%| E|CS|TAMS 0x0000000753e00000, 0x0000000753e00000| Complete 
| 319|0x0000000753f00000, 0x0000000754000000, 0x0000000754000000|100%| E|CS|TAMS 0x0000000753f00000, 0x0000000753f00000| Complete 
| 320|0x0000000754000000, 0x0000000754100000, 0x0000000754100000|100%| E|CS|TAMS 0x0000000754000000, 0x0000000754000000| Complete 
| 321|0x0000000754100000, 0x0000000754200000, 0x0000000754200000|100%| E|CS|TAMS 0x0000000754100000, 0x0000000754100000| Complete 
| 322|0x0000000754200000, 0x0000000754300000, 0x0000000754300000|100%| E|CS|TAMS 0x0000000754200000, 0x0000000754200000| Complete 
| 323|0x0000000754300000, 0x0000000754400000, 0x0000000754400000|100%| E|CS|TAMS 0x0000000754300000, 0x0000000754300000| Complete 
| 324|0x0000000754400000, 0x0000000754500000, 0x0000000754500000|100%| E|CS|TAMS 0x0000000754400000, 0x0000000754400000| Complete 
| 325|0x0000000754500000, 0x0000000754600000, 0x0000000754600000|100%| E|CS|TAMS 0x0000000754500000, 0x0000000754500000| Complete 
| 326|0x0000000754600000, 0x0000000754700000, 0x0000000754700000|100%| E|CS|TAMS 0x0000000754600000, 0x0000000754600000| Complete 
| 327|0x0000000754700000, 0x0000000754800000, 0x0000000754800000|100%| E|CS|TAMS 0x0000000754700000, 0x0000000754700000| Complete 
| 328|0x0000000754800000, 0x0000000754900000, 0x0000000754900000|100%| E|CS|TAMS 0x0000000754800000, 0x0000000754800000| Complete 
| 329|0x0000000754900000, 0x0000000754a00000, 0x0000000754a00000|100%| E|CS|TAMS 0x0000000754900000, 0x0000000754900000| Complete 

Card table byte_map: [0x0000027b80c40000,0x0000027b81240000] _byte_map_base: 0x0000027b7d240000

Marking Bits (Prev, Next): (CMBitMap*) 0x0000027bb190e380, (CMBitMap*) 0x0000027bb190e348
 Prev Bits: [0x0000027b9e740000, 0x0000027ba1740000)
 Next Bits: [0x0000027b9b740000, 0x0000027b9e740000)

Polling page: 0x0000027b80000000

Metaspace:

Usage:
  Non-class:     95.56 MB capacity,    94.77 MB (>99%) used,   601.55 KB ( <1%) free+waste,   209.63 KB ( <1%) overhead. 
      Class:     15.08 MB capacity,    14.59 MB ( 97%) used,   414.88 KB (  3%) free+waste,    89.75 KB ( <1%) overhead. 
       Both:    110.64 MB capacity,   109.36 MB ( 99%) used,  1016.44 KB ( <1%) free+waste,   299.38 KB ( <1%) overhead. 

Virtual space:
  Non-class space:      100.00 MB reserved,      98.33 MB ( 98%) committed 
      Class space:        1.00 GB reserved,      16.57 MB (  2%) committed 
             Both:        1.10 GB reserved,     114.90 MB ( 10%) committed 

Chunk freelists:
   Non-Class:  346.00 KB
       Class:  189.88 KB
        Both:  535.88 KB

CodeHeap 'non-profiled nmethods': size=120064Kb used=32298Kb max_used=32298Kb free=87765Kb
 bounds [0x0000027b94200000, 0x0000027b961b0000, 0x0000027b9b740000]
CodeHeap 'profiled nmethods': size=120000Kb used=51752Kb max_used=54439Kb free=68247Kb
 bounds [0x0000027b8ccd0000, 0x0000027b90270000, 0x0000027b94200000]
CodeHeap 'non-nmethods': size=5696Kb used=1773Kb max_used=1836Kb free=3922Kb
 bounds [0x0000027b8c740000, 0x0000027b8c9b0000, 0x0000027b8ccd0000]
 total_blobs=47793 nmethods=22700 adapters=1283
 compilation: enabled
              stopped_count=0, restarted_count=0
 full_count=0

Compilation events (10 events):
Event: 19046.252 Thread 0x0000027bb188a800 32052       4       ui.views.c.x.b::aKj (5 bytes)
Event: 19046.257 Thread 0x0000027bb188a800 nmethod 32052 0x0000027b95db7790 code [0x0000027b95db7960, 0x0000027b95db7cf8]
Event: 19046.359 Thread 0x0000027bb188b800 32053   !   3       sun.awt.windows.WWindowPeer::setModalBlocked (153 bytes)
Event: 19046.368 Thread 0x0000027bb188b800 nmethod 32053 0x0000027b8dfbca10 code [0x0000027b8dfbcd60, 0x0000027b8dfbeed0]
Event: 19047.523 Thread 0x0000027bb188b800 32055       3       java.util.Arrays$ArrayList::forEach (43 bytes)
Event: 19047.524 Thread 0x0000027bb188a800 32056       4       java.util.ArrayDeque::addLast (51 bytes)
Event: 19047.524 Thread 0x0000027bb188b800 nmethod 32055 0x0000027b8db33510 code [0x0000027b8db33700, 0x0000027b8db33b80]
Event: 19047.530 Thread 0x0000027bb188a800 nmethod 32056 0x0000027b95d6a510 code [0x0000027b95d6a6c0, 0x0000027b95d6a8e8]
Event: 19048.517 Thread 0x0000027bb188a800 32057       4       sun.java2d.SunGraphics2D::makeHints (183 bytes)
Event: 19048.563 Thread 0x0000027bb188a800 nmethod 32057 0x0000027b95f6e810 code [0x0000027b95f6eb40, 0x0000027b95f6f9b8]

GC Heap History (10 events):
Event: 19019.320 GC heap before
{Heap before GC invocations=1189 (full 285):
 garbage-first heap   total 337920K, used 161694K [0x0000000740000000, 0x0000000800000000)
  region size 1024K, 60 young (61440K), 2 survivors (2048K)
 Metaspace       used 111975K, capacity 113297K, committed 117660K, reserved 1150976K
  class space    used 14936K, capacity 15441K, committed 16972K, reserved 1048576K
}
Event: 19019.324 GC heap after
{Heap after GC invocations=1190 (full 285):
 garbage-first heap   total 337920K, used 102380K [0x0000000740000000, 0x0000000800000000)
  region size 1024K, 2 young (2048K), 2 survivors (2048K)
 Metaspace       used 111975K, capacity 113297K, committed 117660K, reserved 1150976K
  class space    used 14936K, capacity 15441K, committed 16972K, reserved 1048576K
}
Event: 19027.556 GC heap before
{Heap before GC invocations=1190 (full 285):
 garbage-first heap   total 337920K, used 161772K [0x0000000740000000, 0x0000000800000000)
  region size 1024K, 60 young (61440K), 2 survivors (2048K)
 Metaspace       used 111975K, capacity 113297K, committed 117660K, reserved 1150976K
  class space    used 14936K, capacity 15441K, committed 16972K, reserved 1048576K
}
Event: 19027.560 GC heap after
{Heap after GC invocations=1191 (full 285):
 garbage-first heap   total 337920K, used 102359K [0x0000000740000000, 0x0000000800000000)
  region size 1024K, 2 young (2048K), 2 survivors (2048K)
 Metaspace       used 111975K, capacity 113297K, committed 117660K, reserved 1150976K
  class space    used 14936K, capacity 15441K, committed 16972K, reserved 1048576K
}
Event: 19038.330 GC heap before
{Heap before GC invocations=1191 (full 285):
 garbage-first heap   total 337920K, used 161751K [0x0000000740000000, 0x0000000800000000)
  region size 1024K, 60 young (61440K), 2 survivors (2048K)
 Metaspace       used 111977K, capacity 113297K, committed 117660K, reserved 1150976K
  class space    used 14936K, capacity 15441K, committed 16972K, reserved 1048576K
}
Event: 19038.335 GC heap after
{Heap after GC invocations=1192 (full 285):
 garbage-first heap   total 337920K, used 102469K [0x0000000740000000, 0x0000000800000000)
  region size 1024K, 2 young (2048K), 2 survivors (2048K)
 Metaspace       used 111977K, capacity 113297K, committed 117660K, reserved 1150976K
  class space    used 14936K, capacity 15441K, committed 16972K, reserved 1048576K
}
Event: 19048.432 GC heap before
{Heap before GC invocations=1192 (full 285):
 garbage-first heap   total 337920K, used 160837K [0x0000000740000000, 0x0000000800000000)
  region size 1024K, 60 young (61440K), 2 survivors (2048K)
 Metaspace       used 111981K, capacity 113297K, committed 117660K, reserved 1150976K
  class space    used 14936K, capacity 15441K, committed 16972K, reserved 1048576K
}
Event: 19048.436 GC heap after
{Heap after GC invocations=1193 (full 285):
 garbage-first heap   total 337920K, used 102530K [0x0000000740000000, 0x0000000800000000)
  region size 1024K, 2 young (2048K), 2 survivors (2048K)
 Metaspace       used 111981K, capacity 113297K, committed 117660K, reserved 1150976K
  class space    used 14936K, capacity 15441K, committed 16972K, reserved 1048576K
}
Event: 19054.956 GC heap before
{Heap before GC invocations=1193 (full 285):
 garbage-first heap   total 337920K, used 161922K [0x0000000740000000, 0x0000000800000000)
  region size 1024K, 60 young (61440K), 2 survivors (2048K)
 Metaspace       used 111981K, capacity 113297K, committed 117660K, reserved 1150976K
  class space    used 14936K, capacity 15441K, committed 16972K, reserved 1048576K
}
Event: 19054.960 GC heap after
{Heap after GC invocations=1194 (full 285):
 garbage-first heap   total 337920K, used 102534K [0x0000000740000000, 0x0000000800000000)
  region size 1024K, 2 young (2048K), 2 survivors (2048K)
 Metaspace       used 111981K, capacity 113297K, committed 117660K, reserved 1150976K
  class space    used 14936K, capacity 15441K, committed 16972K, reserved 1048576K
}

Deoptimization events (10 events):
Event: 16786.276 Thread 0x0000027ba423e800 Uncommon trap: reason=bimorphic_or_optimized_type_check action=maybe_recompile pc=0x0000027b954fdf44 method=javax.swing.text.View.updateLayout(Ljavax/swing/event/DocumentEvent$ElementChange;Ljavax/swing/event/DocumentEvent;Ljava/awt/Shape;)V @ 28 c2
Event: 16786.276 Thread 0x0000027ba423e800 Uncommon trap: reason=unstable_if action=reinterpret pc=0x0000027b955f54b4 method=ui.utils.swing.e.o.actionPerformed(Ljava/awt/event/ActionEvent;)V @ 9 c2
Event: 16797.778 Thread 0x0000027ba423e800 Uncommon trap: reason=predicate action=maybe_recompile pc=0x0000027b95e749c4 method=javax.swing.ListSelectionModel.getSelectedIndices()[I @ 43 c2
Event: 18138.860 Thread 0x0000027ba423e800 Uncommon trap: reason=class_check action=maybe_recompile pc=0x0000027b9560bb5c method=javax.swing.text.DefaultCaret$Handler.removeUpdate(Ljavax/swing/event/DocumentEvent;)V @ 187 c2
Event: 18138.860 Thread 0x0000027ba423e800 Uncommon trap: reason=class_check action=maybe_recompile pc=0x0000027b9560bb5c method=javax.swing.text.DefaultCaret$Handler.removeUpdate(Ljavax/swing/event/DocumentEvent;)V @ 187 c2
Event: 18138.880 Thread 0x0000027ba423e800 Uncommon trap: reason=class_check action=maybe_recompile pc=0x0000027b9560bb5c method=javax.swing.text.DefaultCaret$Handler.removeUpdate(Ljavax/swing/event/DocumentEvent;)V @ 187 c2
Event: 18138.880 Thread 0x0000027ba423e800 Uncommon trap: reason=class_check action=maybe_recompile pc=0x0000027b9560bb5c method=javax.swing.text.DefaultCaret$Handler.removeUpdate(Ljavax/swing/event/DocumentEvent;)V @ 187 c2
Event: 18423.840 Thread 0x0000027ba423e800 Uncommon trap: reason=unstable_if action=reinterpret pc=0x0000027b95eee948 method=ui.views.N.a.a(Ljava/awt/event/MouseEvent;Lui/views/R/d;)V @ 58 c2
Event: 18732.189 Thread 0x0000027ba423e800 Uncommon trap: reason=bimorphic_or_optimized_type_check action=maybe_recompile pc=0x0000027b9471d068 method=javax.swing.plaf.synth.SynthButtonUI.getTextShiftOffset(Ljavax/swing/plaf/synth/SynthContext;)I @ 44 c2
Event: 18732.205 Thread 0x0000027ba423e800 Uncommon trap: reason=bimorphic_or_optimized_type_check action=maybe_recompile pc=0x0000027b9471d068 method=javax.swing.plaf.synth.SynthButtonUI.getTextShiftOffset(Ljavax/swing/plaf/synth/SynthContext;)I @ 44 c2

Classes redefined (0 events):
No events

Internal exceptions (10 events):
Event: 19016.888 Thread 0x0000027ba423e800 Exception <a 'java/io/FileNotFoundException'{0x00000007519e4570}> (0x00000007519e4570) thrown at [t:/workspace/open/src/hotspot/share/prims/jni.cpp, line 615]
Event: 19021.890 Thread 0x0000027ba423e800 Exception <a 'java/io/FileNotFoundException'{0x0000000754389e98}> (0x0000000754389e98) thrown at [t:/workspace/open/src/hotspot/share/prims/jni.cpp, line 615]
Event: 19026.891 Thread 0x0000027ba423e800 Exception <a 'java/io/FileNotFoundException'{0x0000000753c2bd28}> (0x0000000753c2bd28) thrown at [t:/workspace/open/src/hotspot/share/prims/jni.cpp, line 615]
Event: 19031.892 Thread 0x0000027ba423e800 Exception <a 'java/io/FileNotFoundException'{0x0000000751d8ea28}> (0x0000000751d8ea28) thrown at [t:/workspace/open/src/hotspot/share/prims/jni.cpp, line 615]
Event: 19036.893 Thread 0x0000027ba423e800 Exception <a 'java/io/FileNotFoundException'{0x0000000751235f50}> (0x0000000751235f50) thrown at [t:/workspace/open/src/hotspot/share/prims/jni.cpp, line 615]
Event: 19041.894 Thread 0x0000027ba423e800 Exception <a 'java/io/FileNotFoundException'{0x000000075454bd70}> (0x000000075454bd70) thrown at [t:/workspace/open/src/hotspot/share/prims/jni.cpp, line 615]
Event: 19045.960 Thread 0x0000027ba84c8800 Exception <a 'java/lang/InterruptedException'{0x0000000753e0dcc8}: sleep interrupted> (0x0000000753e0dcc8) thrown at [t:/workspace/open/src/hotspot/share/prims/jvm.cpp, line 3091]
Event: 19046.906 Thread 0x0000027ba423e800 Exception <a 'java/io/FileNotFoundException'{0x00000007531df9a0}> (0x00000007531df9a0) thrown at [t:/workspace/open/src/hotspot/share/prims/jni.cpp, line 615]
Event: 19051.896 Thread 0x0000027ba423e800 Exception <a 'java/io/FileNotFoundException'{0x0000000751a71430}> (0x0000000751a71430) thrown at [t:/workspace/open/src/hotspot/share/prims/jni.cpp, line 615]
Event: 19056.896 Thread 0x0000027ba423e800 Exception <a 'java/io/FileNotFoundException'{0x0000000754478ed8}> (0x0000000754478ed8) thrown at [t:/workspace/open/src/hotspot/share/prims/jni.cpp, line 615]

Events (10 events):
Event: 19054.558 Thread 0x0000027ba84cc800 Thread added: 0x0000027ba84cc800
Event: 19054.564 Thread 0x0000027ba84cc800 Thread exited: 0x0000027ba84cc800
Event: 19054.956 Executing VM operation: G1CollectForAllocation
Event: 19054.960 Executing VM operation: G1CollectForAllocation done
Event: 19055.557 Thread 0x0000027ba84cc800 Thread added: 0x0000027ba84cc800
Event: 19055.564 Thread 0x0000027ba84cc800 Thread exited: 0x0000027ba84cc800
Event: 19056.562 Thread 0x0000027ba84cc800 Thread added: 0x0000027ba84cc800
Event: 19056.571 Thread 0x0000027ba84cc800 Thread exited: 0x0000027ba84cc800
Event: 19057.562 Thread 0x0000027ba84c8800 Thread added: 0x0000027ba84c8800
Event: 19057.571 Thread 0x0000027ba84c8800 Thread exited: 0x0000027ba84c8800


Dynamic libraries:
0x00007ff765570000 - 0x00007ff76559f000 	C:\Xilinx\Vivado\2020.2\bin\unwrapped\win64.o\vivado.exe
0x00007fff76770000 - 0x00007fff76965000 	C:\WINDOWS\SYSTEM32\ntdll.dll
0x00007fff75a40000 - 0x00007fff75afe000 	C:\WINDOWS\System32\KERNEL32.DLL
0x00007fff740d0000 - 0x00007fff74399000 	C:\WINDOWS\System32\KERNELBASE.dll
0x00007fff744e0000 - 0x00007fff745e0000 	C:\WINDOWS\System32\ucrtbase.dll
0x00007fff6f1d0000 - 0x00007fff6f25d000 	C:\WINDOWS\SYSTEM32\MSVCP140.dll
0x00007fff6f260000 - 0x00007fff6f27a000 	C:\WINDOWS\SYSTEM32\VCRUNTIME140.dll
0x00007fff6f1c0000 - 0x00007fff6f1cc000 	C:\WINDOWS\SYSTEM32\VCRUNTIME140_1.dll
0x00007fff6bd60000 - 0x00007fff6bd78000 	C:\Xilinx\Vivado\2020.2\lib\win64.o\librdi_commonmain.dll
0x00007fff6bcd0000 - 0x00007fff6bce3000 	C:\Xilinx\Vivado\2020.2\lib\win64.o\libboost_signals.dll
0x00007fff1c390000 - 0x00007fff1d507000 	C:\Xilinx\Vivado\2020.2\lib\win64.o\librdi_common.dll
0x00007fff75f20000 - 0x00007fff760c1000 	C:\WINDOWS\System32\USER32.dll
0x00007fff746c0000 - 0x00007fff746e2000 	C:\WINDOWS\System32\win32u.dll
0x00007fff76310000 - 0x00007fff7633b000 	C:\WINDOWS\System32\GDI32.dll
0x00007fff73e60000 - 0x00007fff73f6b000 	C:\WINDOWS\System32\gdi32full.dll
0x00007fff746f0000 - 0x00007fff7478d000 	C:\WINDOWS\System32\msvcp_win.dll
0x00007fff76180000 - 0x00007fff7622c000 	C:\WINDOWS\System32\ADVAPI32.dll
0x00007fff74840000 - 0x00007fff748de000 	C:\WINDOWS\System32\msvcrt.dll
0x00007fff76660000 - 0x00007fff766fb000 	C:\WINDOWS\System32\sechost.dll
0x00007fff750a0000 - 0x00007fff751ca000 	C:\WINDOWS\System32\RPCRT4.dll
0x00007fff75300000 - 0x00007fff75a3f000 	C:\WINDOWS\System32\SHELL32.dll
0x00007fff763a0000 - 0x00007fff7640b000 	C:\WINDOWS\System32\WS2_32.dll
0x00007fff745e0000 - 0x00007fff74607000 	C:\WINDOWS\System32\bcrypt.dll
0x00007fff6afc0000 - 0x00007fff6afe2000 	C:\Xilinx\Vivado\2020.2\lib\win64.o\libboost_filesystem.dll
0x00007fff6da50000 - 0x00007fff6da59000 	C:\Xilinx\Vivado\2020.2\lib\win64.o\librdi_commonversion.dll
0x00007fff6bee0000 - 0x00007fff6bef0000 	C:\Xilinx\Vivado\2020.2\lib\win64.o\libboost_date_time.dll
0x00007fff1af00000 - 0x00007fff1b26e000 	C:\Xilinx\Vivado\2020.2\lib\win64.o\libCOIN-all.dll
0x0000000057ff0000 - 0x000000005811b000 	C:\Xilinx\Vivado\2020.2\lib\win64.o\tcl85t.dll
0x00007fff289f0000 - 0x00007fff28b89000 	C:\Xilinx\Vivado\2020.2\lib\win64.o\librdi_commonxillic.dll
0x00007fff43ce0000 - 0x00007fff43d53000 	C:\Xilinx\Vivado\2020.2\lib\win64.o\libboost_program_options.dll
0x00007fff6bc40000 - 0x00007fff6bc49000 	C:\Xilinx\Vivado\2020.2\lib\win64.o\libboost_system.dll
0x00007fff2f6b0000 - 0x00007fff2f7c1000 	C:\Xilinx\Vivado\2020.2\lib\win64.o\libboost_regex.dll
0x00007fff6b4a0000 - 0x00007fff6b4be000 	C:\Xilinx\Vivado\2020.2\lib\win64.o\libboost_thread.dll
0x00007fff6bc30000 - 0x00007fff6bc3c000 	C:\Xilinx\Vivado\2020.2\lib\win64.o\libboost_xilinx.dll
0x00007fff1a100000 - 0x00007fff1aef2600 	C:\Xilinx\Vivado\2020.2\lib\win64.o\libisl_iostreams.dll
0x00007fff59250000 - 0x00007fff59278000 	C:\Xilinx\Vivado\2020.2\lib\win64.o\libisl_sysinfo.dll
0x00007fff43c30000 - 0x00007fff43cd5000 	C:\Xilinx\Vivado\2020.2\lib\win64.o\libhdxml.dll
0x00007fff3cc60000 - 0x00007fff3cce2000 	C:\Xilinx\Vivado\2020.2\lib\win64.o\libhdlpsolve.dll
0x00007fff5a3b0000 - 0x00007fff5a3ca000 	C:\Xilinx\Vivado\2020.2\lib\win64.o\pthreadVC2.dll
0x00007fff51c50000 - 0x00007fff51cb5000 	C:\Xilinx\Vivado\2020.2\lib\win64.o\liblmx6.0.dll
0x00007fff5ca50000 - 0x00007fff5ca68000 	C:\WINDOWS\SYSTEM32\NETAPI32.dll
0x00007fff60330000 - 0x00007fff60800000 	C:\WINDOWS\SYSTEM32\WININET.dll
0x00007fff658a0000 - 0x00007fff659a8000 	C:\WINDOWS\SYSTEM32\WINHTTP.dll
0x00007fff64ab0000 - 0x00007fff64c9b000 	C:\WINDOWS\SYSTEM32\urlmon.dll
0x00007fff58b90000 - 0x00007fff58bb1000 	C:\Xilinx\Vivado\2020.2\lib\win64.o\librdizlib.dll
0x00007fff5bb60000 - 0x00007fff5bb69000 	C:\WINDOWS\SYSTEM32\WSOCK32.dll
0x00007fff58b60000 - 0x00007fff58b8e000 	C:\WINDOWS\SYSTEM32\VCOMP140.DLL
0x00007fff5a240000 - 0x00007fff5a25c000 	C:\Xilinx\Vivado\2020.2\lib\win64.o\librdiconfig.dll
0x00007fff76410000 - 0x00007fff76465000 	C:\WINDOWS\System32\SHLWAPI.dll
0x00007fff15dd0000 - 0x00007fff17ce7000 	C:\Xilinx\Vivado\2020.2\lib\win64.o\gurobi90.dll
0x00007fff73f70000 - 0x00007fff740c6000 	C:\WINDOWS\System32\CRYPT32.dll
0x00007fff76600000 - 0x00007fff76656000 	C:\WINDOWS\System32\WLDAP32.dll
0x00007fff75b00000 - 0x00007fff75b08000 	C:\WINDOWS\System32\Normaliz.dll
0x00007fff19e20000 - 0x00007fff1a0fb000 	C:\Xilinx\Vivado\2020.2\lib\win64.o\libXil_lmgr11.dll
0x00007fff76230000 - 0x00007fff7630a000 	C:\WINDOWS\System32\COMDLG32.dll
0x00007fff75b10000 - 0x00007fff75e65000 	C:\WINDOWS\System32\combase.dll
0x00007fff75e70000 - 0x00007fff75f1e000 	C:\WINDOWS\System32\shcore.dll
0x00007fff76530000 - 0x00007fff765fd000 	C:\WINDOWS\System32\OLEAUT32.dll
0x00007fff751d0000 - 0x00007fff752fa000 	C:\WINDOWS\System32\ole32.dll
0x00007fff74660000 - 0x00007fff746c0000 	C:\WINDOWS\System32\WINTRUST.dll
0x00007fff6b350000 - 0x00007fff6b35c000 	C:\Xilinx\Vivado\2020.2\lib\win64.o\libboost_chrono.dll
0x00007fff598f0000 - 0x00007fff59906000 	C:\Xilinx\Vivado\2020.2\lib\win64.o\libboost_iostreams.dll
0x00007fff64a80000 - 0x00007fff64aa8000 	C:\WINDOWS\SYSTEM32\srvcli.dll
0x00007fff647d0000 - 0x00007fff64a80000 	C:\WINDOWS\SYSTEM32\iertutil.dll
0x00007fff73300000 - 0x00007fff7330c000 	C:\WINDOWS\SYSTEM32\netutils.dll
0x00007fff6bda0000 - 0x00007fff6be50000 	C:\WINDOWS\WinSxS\amd64_microsoft.windows.common-controls_6595b64144ccf1df_5.82.19041.1110_none_792d1c772443f647\COMCTL32.dll
0x00007fff68e10000 - 0x00007fff68e2d000 	C:\WINDOWS\SYSTEM32\dhcpcsvc.DLL
0x00007fff51bc0000 - 0x00007fff51be3000 	C:\Xilinx\Vivado\2020.2\lib\win64.o\libisl_iosutils.dll
0x0000000012000000 - 0x0000000012270000 	C:\Xilinx\Vivado\2020.2\lib\win64.o\xerces-c_3_1.dll
0x00007fff734e0000 - 0x00007fff7354a000 	C:\WINDOWS\SYSTEM32\MSWSOCK.DLL
0x00007fff74810000 - 0x00007fff74840000 	C:\WINDOWS\System32\IMM32.DLL
0x00007fff73970000 - 0x00007fff73982000 	C:\WINDOWS\SYSTEM32\MSASN1.dll
0x00007fff726a0000 - 0x00007fff726b2000 	C:\WINDOWS\SYSTEM32\kernel.appcore.dll
0x00007fff198f0000 - 0x00007fff19e12000 	C:\Xilinx\Vivado\2020.2\lib\win64.o\librdi_commontasks.dll
0x00007fff65d90000 - 0x00007fff65d9a000 	C:\WINDOWS\SYSTEM32\VERSION.dll
0x00007fff152a0000 - 0x00007fff15dc3000 	C:\Xilinx\Vivado\2020.2\tps\win64\jre11.0.2\bin\server\jvm.dll
0x00007fff74940000 - 0x00007fff74948000 	C:\WINDOWS\System32\PSAPI.DLL
0x00007fff647a0000 - 0x00007fff647c7000 	C:\WINDOWS\SYSTEM32\WINMM.dll
0x00007fff19610000 - 0x00007fff198e5000 	C:\Xilinx\Vivado\2020.2\lib\win64.o\librdi_sio.dll
0x00007fff731f0000 - 0x00007fff7322b000 	C:\WINDOWS\SYSTEM32\IPHLPAPI.DLL
0x00007fff71b50000 - 0x00007fff722e0000 	C:\WINDOWS\SYSTEM32\windows.storage.dll
0x00007fff73700000 - 0x00007fff7372c000 	C:\WINDOWS\SYSTEM32\Wldp.dll
0x00007fff071f0000 - 0x00007fff09cae000 	C:\Xilinx\Vivado\2020.2\lib\win64.o\librdi_tcltasks.dll
0x00007fff51cc0000 - 0x00007fff51d3e000 	C:\Xilinx\Vivado\2020.2\lib\win64.o\librdi_boarddep.dll
0x00007fff2e470000 - 0x00007fff2e566000 	C:\Xilinx\Vivado\2020.2\lib\win64.o\librdi_chipscope.dll
0x00007fff283d0000 - 0x00007fff28583000 	C:\Xilinx\Vivado\2020.2\lib\win64.o\librdi_board.dll
0x00007fff14df0000 - 0x00007fff15296000 	C:\Xilinx\Vivado\2020.2\lib\win64.o\librdi_bitstream.dll
0x00007fff053c0000 - 0x00007fff071ec000 	C:\Xilinx\Vivado\2020.2\lib\win64.o\librdi_constraints.dll
0x00007fff1c1a0000 - 0x00007fff1c38a000 	C:\Xilinx\Vivado\2020.2\lib\win64.o\librdi_chipscopeimpl.dll
0x00007ffefe560000 - 0x00007fff0091d000 	C:\Xilinx\Vivado\2020.2\lib\win64.o\librdi_coregen.dll
0x00007fff27ba0000 - 0x00007fff27d01000 	C:\Xilinx\Vivado\2020.2\lib\win64.o\librdi_containers.dll
0x00007ffefc7f0000 - 0x00007ffefe551000 	C:\Xilinx\Vivado\2020.2\lib\win64.o\librdi_designutils.dll
0x00007fff146d0000 - 0x00007fff14de8000 	C:\Xilinx\Vivado\2020.2\lib\win64.o\librdi_coregenipxact.dll
0x00007fff181a0000 - 0x00007fff18508000 	C:\Xilinx\Vivado\2020.2\lib\win64.o\librdi_dlyest.dll
0x00007fff30470000 - 0x00007fff30523000 	C:\Xilinx\Vivado\2020.2\lib\win64.o\librdi_dsp.dll
0x00007ffee4210000 - 0x00007ffefc7ef000 	C:\Xilinx\Vivado\2020.2\lib\win64.o\librdi_device.dll
0x00007fff04d60000 - 0x00007fff053bd000 	C:\Xilinx\Vivado\2020.2\lib\win64.o\librdi_drc.dll
0x00007fff3da30000 - 0x00007fff3da9b000 	C:\Xilinx\Vivado\2020.2\lib\win64.o\librdi_hdf.dll
0x00007ffee3b40000 - 0x00007ffee4202000 	C:\Xilinx\Vivado\2020.2\lib\win64.o\librdi_filemgmt.dll
0x00007fff03590000 - 0x00007fff038ad000 	C:\Xilinx\Vivado\2020.2\lib\win64.o\librdi_guitools.dll
0x00007fff19390000 - 0x00007fff19607000 	C:\Xilinx\Vivado\2020.2\lib\win64.o\librdi_hip_devdesign.dll
0x00007fff271e0000 - 0x00007fff27327000 	C:\Xilinx\Vivado\2020.2\lib\win64.o\librdi_hip_perf_analysis.dll
0x00007ffee1f60000 - 0x00007ffee3b34000 	C:\Xilinx\Vivado\2020.2\lib\win64.o\librdi_implflow.dll
0x00007fff31180000 - 0x00007fff311f2000 	C:\Xilinx\Vivado\2020.2\lib\win64.o\librdi_memoryarray.dll
0x00007ffee1910000 - 0x00007ffee1f5c000 	C:\Xilinx\Vivado\2020.2\lib\win64.o\librdi_memdata.dll
0x00007ffedf4c0000 - 0x00007ffee1904000 	C:\Xilinx\Vivado\2020.2\lib\win64.o\librdi_mig.dll
0x00007fff3cdb0000 - 0x00007fff3ce04000 	C:\Xilinx\Vivado\2020.2\lib\win64.o\librdi_pfi.dll
0x00007ffeded90000 - 0x00007ffedf4bc000 	C:\Xilinx\Vivado\2020.2\lib\win64.o\librdi_netlist.dll
0x00007ffeccc90000 - 0x00007ffecfe97000 	C:\Xilinx\Vivado\2020.2\lib\win64.o\librdi_place.dll
0x00007fff02cb0000 - 0x00007fff0304e000 	C:\Xilinx\Vivado\2020.2\lib\win64.o\librdi_platform.dll
0x00007ffede570000 - 0x00007ffeded87000 	C:\Xilinx\Vivado\2020.2\lib\win64.o\librdi_power.dll
0x00007ffeddef0000 - 0x00007ffede564000 	C:\Xilinx\Vivado\2020.2\lib\win64.o\librdi_project.dll
0x00007ffedd6e0000 - 0x00007ffeddeec000 	C:\Xilinx\Vivado\2020.2\lib\win64.o\librdi_rsb.dll
0x00007ffedcfb0000 - 0x00007ffedd6d2000 	C:\Xilinx\Vivado\2020.2\lib\win64.o\librdi_psta.dll
0x00007fff2c040000 - 0x00007fff2c149000 	C:\Xilinx\Vivado\2020.2\lib\win64.o\librdi_runsbase.dll
0x00007ffedca80000 - 0x00007ffedcfab000 	C:\Xilinx\Vivado\2020.2\lib\win64.o\librdi_runs.dll
0x00007ffed30a0000 - 0x00007ffed3314000 	C:\Xilinx\Vivado\2020.2\lib\win64.o\librdi_simdata.dll
0x00007ffecbd00000 - 0x00007ffeccc81000 	C:\Xilinx\Vivado\2020.2\lib\win64.o\librdi_timing.dll
0x00007fff30ef0000 - 0x00007fff30f97000 	C:\Xilinx\Vivado\2020.2\lib\win64.o\librdi_xhubtasks.dll
0x00007fff26660000 - 0x00007fff26776000 	C:\Xilinx\Vivado\2020.2\lib\win64.o\librdi_xhub.dll
0x00007fff1b6a0000 - 0x00007fff1b88b000 	C:\Xilinx\Vivado\2020.2\lib\win64.o\librdi_advchipscopeimpl.dll
0x00007fff31700000 - 0x00007fff31747000 	C:\Xilinx\Vivado\2020.2\lib\win64.o\libboost_serialization.dll
0x00007fff2db70000 - 0x00007fff2dbda000 	C:\Xilinx\Vivado\2020.2\lib\win64.o\librdi_noc_frameworks.dll
0x00007fff25cb0000 - 0x00007fff25d9b000 	C:\Xilinx\Vivado\2020.2\lib\win64.o\librdi_ipconfig_readwrite.dll
0x00007fff2d280000 - 0x00007fff2d2c6000 	C:\Xilinx\Vivado\2020.2\lib\win64.o\libboost_graph.dll
0x00007fff180d0000 - 0x00007fff18196000 	C:\Xilinx\Vivado\2020.2\lib\win64.o\librdi_bda.dll
0x00007ffed2540000 - 0x00007ffed3096000 	C:\Xilinx\Vivado\2020.2\lib\win64.o\libverific.dll
0x00007ffed1150000 - 0x00007ffed144b000 	C:\Xilinx\Vivado\2020.2\lib\win64.o\librdi_hip_config.dll

dbghelp: loaded successfully - version: 4.0.5 - missing functions: none
symbol engine: initialized successfully - sym options: 0x614 - pdb path: .;C:\Xilinx\Vivado\2020.2\bin\unwrapped\win64.o;C:\WINDOWS\SYSTEM32;C:\Xilinx\Vivado\2020.2\lib\win64.o;C:\WINDOWS\WinSxS\amd64_microsoft.windows.common-controls_6595b64144ccf1df_5.82.19041.1110_none_792d1c772443f647;C:\Xilinx\Vivado\2020.2\tps\win64\jre11.0.2\bin\server;C:\Xilinx\Vivado\2020.2\tps\win64\python-3.8.3;C:\Xilinx\Vivado\2020.2\tps\win64\jre11.0.2\bin;C:\WINDOWS\WinSxS\amd64_microsoft.windows.common-controls_6595b64144ccf1df_6.0.19041.1110_none_60b5254171f9507e;C:\Program Files\National Instruments\Shared\mDNS Responder;C:\Program Files (x86)\Samsung\Easy Printer Manager\SmartScreenPrint;C:\WINDOWS\WinSxS\amd64_microsoft.windows.gdiplus_6595b64144ccf1df_1.1.19041.1151_none_91a40286cc884949;C:\WINDOWS\system32\spool\DRIVERS\x64\3

VM Arguments:
jvm_args: -Dsun.java2d.pmoffscreen=false -Dhttps.protocols=TLSv1,TLSv1.1,TLSv1.2 -Dsun.java2d.xrender=false -Dsun.java2d.d3d=false -Dsun.awt.nopixfmt=true -Dsun.java2d.dpiaware=true -Dsun.java2d.uiScale.enabled=false -Xverify:none -Dswing.aatext=true -XX:-UsePerfData -Djdk.map.althashing.threshold=512 -XX:StringTableSize=4072 --add-opens=java.base/java.nio=ALL-UNNAMED --add-opens=java.desktop/sun.swing=ALL-UNNAMED --add-opens=java.desktop/javax.swing=ALL-UNNAMED --add-opens=java.desktop/javax.swing.tree=ALL-UNNAMED --add-opens=java.desktop/javax.swing.plaf.basic=ALL-UNNAMED --add-opens=java.desktop/javax.swing.plaf.synth=ALL-UNNAMED --add-opens=java.desktop/com.sun.awt=ALL-UNNAMED -XX:NewSize=60m -XX:MaxNewSize=60m -Xms128m -Xmx3072m -Xss5m 
java_command: <unknown>
java_class_path (initial): C:/Xilinx/Vivado/2020.2\lib\classes\alloy.jar;C:/Xilinx/Vivado/2020.2\lib\classes\ArchiveSummary.jar;C:/Xilinx/Vivado/2020.2\lib\classes\autoesl-models.jar;C:/Xilinx/Vivado/2020.2\lib\classes\autopilot.scelaborator.jar;C:/Xilinx/Vivado/2020.2\lib\classes\autopilot.sourceprocessor.jar;C:/Xilinx/Vivado/2020.2\lib\classes\autopilot.tbprocessor.jar;C:/Xilinx/Vivado/2020.2\lib\classes\batik-anim.jar;C:/Xilinx/Vivado/2020.2\lib\classes\batik-awt-util.jar;C:/Xilinx/Vivado/2020.2\lib\classes\batik-bridge.jar;C:/Xilinx/Vivado/2020.2\lib\classes\batik-codec.jar;C:/Xilinx/Vivado/2020.2\lib\classes\batik-css.jar;C:/Xilinx/Vivado/2020.2\lib\classes\batik-dom.jar;C:/Xilinx/Vivado/2020.2\lib\classes\batik-ext.jar;C:/Xilinx/Vivado/2020.2\lib\classes\batik-gui-util.jar;C:/Xilinx/Vivado/2020.2\lib\classes\batik-gvt.jar;C:/Xilinx/Vivado/2020.2\lib\classes\batik-parser.jar;C:/Xilinx/Vivado/2020.2\lib\classes\batik-script.jar;C:/Xilinx/Vivado/2020.2\lib\classes\batik-svg-dom.jar;C:/Xilinx/Vivado/2020.2\lib\classes\batik-swing.jar;C:/Xilinx/Vivado/2020.2\lib\classes\batik-transcoder.jar;C:/Xilinx/Vivado/2020.2\lib\classes\batik-util.jar;C:/Xilinx/Vivado/2020.2\lib\classes\batik-xml.jar;C:/Xilinx/Vivado/2020.2\lib\classes\com.google.gson_2.8.2.v20180104-1110.jar;C:/Xilinx/Vivado/2020.2\lib\classes\com.google.guava_27.1.0.v20190517-1946.jar;C:/Xilinx/Vivado/2020.2\lib\classes\com.ibm.icu_4.4.2.v20110208.jar;C:/Xilinx/Vivado/2020.2\lib\classes\com.sigasi.hdt.connection_4.9.0.202009050929.jar;C:/Xilinx/Vivado/2020.2\lib\classes\com.sigasi.hdt.epl_4.9.0.202009050929.jar;C:/Xilinx/Vivado/2020.2\lib\classes\com.sigasi.hdt.project_4.9.0.202009050929.jar;C:/Xilinx/Vivado/2020.2\lib\classes\com.sigasi.hdt.readonlyfilesystem_4.9.0.202009050929.jar;C:/Xilinx/Vivado/2020.2\lib\classes\com.sigasi.lcm_4.9.0.202009050929.jar;C:/Xilinx/Vivado/2020.2\lib\classes\com.sigasi.sdk.client_4.9.0.202009050929.jar;C:/Xilinx/Vivado/2020.2\lib\classes\com.xilinx.hls.services.jar;C:/Xili
Launcher Type: generic

[Global flags]
     bool BytecodeVerificationLocal                = false                                     {product} {command line}
     bool BytecodeVerificationRemote               = false                                     {product} {command line}
     intx CICompilerCount                          = 3                                         {product} {ergonomic}
     uint ConcGCThreads                            = 1                                         {product} {ergonomic}
     uint G1ConcRefinementThreads                  = 4                                         {product} {ergonomic}
   size_t G1HeapRegionSize                         = 1048576                                   {product} {ergonomic}
    uintx GCDrainStackTargetSize                   = 64                                        {product} {ergonomic}
   size_t InitialHeapSize                          = 134217728                                 {product} {command line}
   size_t MarkStackSize                            = 4194304                                   {product} {ergonomic}
   size_t MaxHeapSize                              = 3221225472                                {product} {command line}
   size_t MaxNewSize                               = 62914560                                  {product} {command line}
   size_t MinHeapDeltaBytes                        = 1048576                                   {product} {ergonomic}
   size_t NewSize                                  = 62914560                                  {product} {command line}
    uintx NonNMethodCodeHeapSize                   = 5830092                                {pd product} {ergonomic}
    uintx NonProfiledCodeHeapSize                  = 122914074                              {pd product} {ergonomic}
    uintx ProfiledCodeHeapSize                     = 122914074                              {pd product} {ergonomic}
    uintx ReservedCodeCacheSize                    = 251658240                              {pd product} {ergonomic}
     bool SegmentedCodeCache                       = true                                      {product} {ergonomic}
    uintx StringTableSize                          = 4072                                      {product} {command line}
     intx ThreadStackSize                          = 5120                                   {pd product} {command line}
     bool UseCompressedClassPointers               = true                                 {lp64_product} {ergonomic}
     bool UseCompressedOops                        = true                                 {lp64_product} {ergonomic}
     bool UseG1GC                                  = true                                      {product} {ergonomic}
     bool UseLargePagesIndividualAllocation        = false                                  {pd product} {ergonomic}
     bool UsePerfData                              = false                                     {product} {command line}

Logging:
Log output configuration:
 #0: stdout all=warning uptime,level,tags
 #1: stderr all=off uptime,level,tags

Environment Variables:
PATH=C:/Xilinx/Vivado/2020.2/bin;C:/Xilinx/Vivado/2020.2/tps/win64/javafx-sdk-11.0.2/lib;C:/Xilinx/Vivado/2020.2/tps/win64/javafx-sdk-11.0.2/bin;C:/Xilinx/Vivado/2020.2/lib/win64.o;C:/Xilinx/Vivado/2020.2/tps/win64/jre11.0.2/bin/server;C:/Xilinx/Vivado/2020.2/tps/win64/jre11.0.2/bin;C:/Xilinx/Vivado/2020.2/ids_lite/ISE/bin/nt64;C:/Xilinx/Vivado/2020.2/ids_lite/ISE/lib/nt64;C:/Xilinx/Vitis_HLS/2020.2/bin;C:\Program Files\Common Files\Oracle\Java\javapath;C:\Program Files (x86)\Common Files\Oracle\Java\javapath;C:\WINDOWS\system32;C:\WINDOWS;C:\WINDOWS\System32\Wbem;C:\WINDOWS\System32\WindowsPowerShell\v1.0\;C:\WINDOWS\System32\OpenSSH\;C:\Program Files\Git\cmd;C:\Program Files (x86)\IVI Foundation\VISA\WinNT\Bin\;C:\Program Files\IVI Foundation\VISA\Win64\Bin\;C:\Program Files (x86)\IVI Foundation\IVI\bin;C:\Program Files\IVI Foundation\IVI\bin;C:\Program Files (x86)\National Instruments\Shared\LabVIEW CLI;C:\Program Files\nodejs\;C:\MinGW\bin;C:\Users\jsanc\AppData\Local\Programs\Python\Python39\Scripts\;C:\Users\jsanc\AppData\Local\Programs\Python\Python39\;C:\Users\jsanc\AppData\Local\Microsoft\WindowsApps;;C:\Users\jsanc\AppData\Local\Programs\Microsoft VS Code\bin;C:\Users\jsanc\AppData\Roaming\npm;C:/Xilinx/Vivado/2020.2\tps\mingw\6.2.0\win64.o\nt\bin;C:/Xilinx/Vivado/2020.2\tps\mingw\6.2.0\win64.o\nt\libexec\gcc\x86_64-w64-mingw32\6.2.0;C:/Xilinx/Vivado/2020.2\tps\win64\python-3.8.3;C:/Xilinx/Vivado/2020.2\tps\win64\python-3.8.3\bin;C:/Xilinx/Vivado/2020.2\tps\win64\python-3.8.3\lib;C:/Xilinx/Vivado/2020.2\tps\win64\python-3.8.3\lib\site-packages
USERNAME=jsanc
OS=Windows_NT
PROCESSOR_IDENTIFIER=Intel64 Family 6 Model 78 Stepping 3, GenuineIntel



---------------  S Y S T E M  ---------------

OS: Windows 10 , 64 bit Build 19041 (10.0.19041.1202)

CPU:total 4 (initial active 4) (2 cores per cpu, 2 threads per core) family 6 model 78 stepping 3, cmov, cx8, fxsr, mmx, sse, sse2, sse3, ssse3, sse4.1, sse4.2, popcnt, avx, avx2, aes, clmul, erms, rtm, 3dnowpref, lzcnt, ht, tsc, tscinvbit, bmi1, bmi2, adx, fma

Memory: 4k page, system-wide physical 8084M (2464M free)
TotalPageFile size 16232M (AvailPageFile size 3334M)
current process WorkingSet (physical memory assigned to process): 605M, peak: 2164M
current process commit charge ("private bytes"): 2308M, peak: 2395M

vm_info: OpenJDK 64-Bit Server VM (11.0.2+9) for windows-amd64 JRE (11.0.2+9), built on Jan 18 2019 05:23:22 by "mach5one" with MS VC++ 15.5 (VS2017)

END.
